{"/home/travis/build/npmtest/node-npmtest-botkit/test.js":{"path":"/home/travis/build/npmtest/node-npmtest-botkit/test.js","s":{"1":2,"2":2,"3":2,"4":2,"5":2,"6":2,"7":2,"8":1,"9":2,"10":2,"11":1,"12":1,"13":1,"14":1,"15":2,"16":2,"17":2,"18":2,"19":1,"20":1,"21":2,"22":2,"23":2,"24":1,"25":1,"26":1,"27":1,"28":1,"29":1,"30":1,"31":1,"32":1,"33":1,"34":1,"35":1,"36":1,"37":1,"38":1,"39":2,"40":2,"41":1,"42":2,"43":2,"44":1,"45":2,"46":2,"47":1,"48":2,"49":2,"50":1,"51":1,"52":1,"53":1,"54":1},"b":{"1":[2,1,1,1],"2":[1,1,1,1],"3":[1,1],"4":[1,1],"5":[1,1],"6":[1,1],"7":[1,1],"8":[1,1],"9":[1,1],"10":[1,1,1],"11":[1,1],"12":[1,1],"13":[1,1],"14":[1,1],"15":[1,1],"16":[1,1],"17":[1,1]},"f":{"1":2,"2":2,"3":2,"4":2,"5":2,"6":1,"7":1,"8":1,"9":2,"10":2,"11":2,"12":2,"13":1},"fnMap":{"1":{"name":"(anonymous_1)","line":12,"loc":{"start":{"line":12,"column":1},"end":{"line":12,"column":13}}},"2":{"name":"(anonymous_2)","line":19,"loc":{"start":{"line":19,"column":5},"end":{"line":19,"column":17}}},"3":{"name":"(anonymous_3)","line":23,"loc":{"start":{"line":23,"column":24},"end":{"line":23,"column":36}}},"4":{"name":"(anonymous_4)","line":61,"loc":{"start":{"line":61,"column":5},"end":{"line":61,"column":17}}},"5":{"name":"(anonymous_5)","line":82,"loc":{"start":{"line":82,"column":5},"end":{"line":82,"column":17}}},"6":{"name":"(anonymous_6)","line":91,"loc":{"start":{"line":91,"column":77},"end":{"line":94,"column":10}}},"7":{"name":"(anonymous_7)","line":112,"loc":{"start":{"line":112,"column":83},"end":{"line":115,"column":10}},"skip":true},"8":{"name":"(anonymous_8)","line":123,"loc":{"start":{"line":123,"column":77},"end":{"line":126,"column":10}},"skip":true},"9":{"name":"(anonymous_9)","line":139,"loc":{"start":{"line":139,"column":12},"end":{"line":139,"column":40}},"skip":true},"10":{"name":"(anonymous_10)","line":147,"loc":{"start":{"line":147,"column":77},"end":{"line":150,"column":10}},"skip":true},"11":{"name":"(anonymous_11)","line":158,"loc":{"start":{"line":158,"column":83},"end":{"line":161,"column":10}},"skip":true},"12":{"name":"(anonymous_12)","line":169,"loc":{"start":{"line":169,"column":79},"end":{"line":172,"column":10}},"skip":true},"13":{"name":"(anonymous_13)","line":180,"loc":{"start":{"line":180,"column":75},"end":{"line":183,"column":10}},"skip":true}},"statementMap":{"1":{"start":{"line":12,"column":0},"end":{"line":195,"column":5}},"2":{"start":{"line":14,"column":4},"end":{"line":14,"column":14}},"3":{"start":{"line":19,"column":4},"end":{"line":56,"column":9}},"4":{"start":{"line":21,"column":8},"end":{"line":21,"column":19}},"5":{"start":{"line":23,"column":8},"end":{"line":35,"column":13}},"6":{"start":{"line":24,"column":12},"end":{"line":34,"column":13}},"7":{"start":{"line":25,"column":16},"end":{"line":28,"column":30}},"8":{"start":{"line":30,"column":16},"end":{"line":33,"column":27}},"9":{"start":{"line":37,"column":8},"end":{"line":39,"column":21}},"10":{"start":{"line":40,"column":8},"end":{"line":53,"column":9}},"11":{"start":{"line":43,"column":12},"end":{"line":46,"column":14}},"12":{"start":{"line":47,"column":12},"end":{"line":47,"column":18}},"13":{"start":{"line":50,"column":12},"end":{"line":51,"column":46}},"14":{"start":{"line":52,"column":12},"end":{"line":52,"column":18}},"15":{"start":{"line":55,"column":8},"end":{"line":55,"column":35}},"16":{"start":{"line":61,"column":4},"end":{"line":63,"column":9}},"17":{"start":{"line":62,"column":8},"end":{"line":62,"column":15}},"18":{"start":{"line":64,"column":4},"end":{"line":77,"column":5}},"19":{"start":{"line":70,"column":8},"end":{"line":70,"column":14}},"20":{"start":{"line":76,"column":8},"end":{"line":76,"column":14}},"21":{"start":{"line":82,"column":4},"end":{"line":84,"column":9}},"22":{"start":{"line":83,"column":8},"end":{"line":83,"column":15}},"23":{"start":{"line":85,"column":4},"end":{"line":194,"column":5}},"24":{"start":{"line":91,"column":8},"end":{"line":99,"column":10}},"25":{"start":{"line":98,"column":12},"end":{"line":98,"column":35}},"26":{"start":{"line":102,"column":8},"end":{"line":104,"column":63}},"27":{"start":{"line":105,"column":8},"end":{"line":105,"column":14}},"28":{"start":{"line":112,"column":8},"end":{"line":121,"column":10},"skip":true},"29":{"start":{"line":119,"column":12},"end":{"line":119,"column":55},"skip":true},"30":{"start":{"line":120,"column":12},"end":{"line":120,"column":48},"skip":true},"31":{"start":{"line":123,"column":8},"end":{"line":136,"column":10},"skip":true},"32":{"start":{"line":130,"column":12},"end":{"line":130,"column":76},"skip":true},"33":{"start":{"line":131,"column":12},"end":{"line":131,"column":73},"skip":true},"34":{"start":{"line":132,"column":12},"end":{"line":132,"column":74},"skip":true},"35":{"start":{"line":133,"column":12},"end":{"line":133,"column":79},"skip":true},"36":{"start":{"line":134,"column":12},"end":{"line":134,"column":25},"skip":true},"37":{"start":{"line":135,"column":12},"end":{"line":135,"column":45},"skip":true},"38":{"start":{"line":138,"column":8},"end":{"line":145,"column":14},"skip":true},"39":{"start":{"line":143,"column":16},"end":{"line":143,"column":29},"skip":true},"40":{"start":{"line":144,"column":16},"end":{"line":144,"column":55},"skip":true},"41":{"start":{"line":147,"column":8},"end":{"line":156,"column":10},"skip":true},"42":{"start":{"line":154,"column":12},"end":{"line":154,"column":25},"skip":true},"43":{"start":{"line":155,"column":12},"end":{"line":155,"column":45},"skip":true},"44":{"start":{"line":158,"column":8},"end":{"line":167,"column":10},"skip":true},"45":{"start":{"line":165,"column":12},"end":{"line":165,"column":25},"skip":true},"46":{"start":{"line":166,"column":12},"end":{"line":166,"column":48},"skip":true},"47":{"start":{"line":169,"column":8},"end":{"line":178,"column":10},"skip":true},"48":{"start":{"line":176,"column":12},"end":{"line":176,"column":25},"skip":true},"49":{"start":{"line":177,"column":12},"end":{"line":177,"column":46},"skip":true},"50":{"start":{"line":180,"column":8},"end":{"line":189,"column":10},"skip":true},"51":{"start":{"line":187,"column":12},"end":{"line":187,"column":94},"skip":true},"52":{"start":{"line":188,"column":12},"end":{"line":188,"column":48},"skip":true},"53":{"start":{"line":192,"column":8},"end":{"line":192,"column":35},"skip":true},"54":{"start":{"line":193,"column":8},"end":{"line":193,"column":14},"skip":true}},"branchMap":{"1":{"line":25,"type":"binary-expr","locations":[{"start":{"line":25,"column":23},"end":{"line":25,"column":62}},{"start":{"line":26,"column":20},"end":{"line":26,"column":70}},{"start":{"line":27,"column":20},"end":{"line":27,"column":71}},{"start":{"line":28,"column":20},"end":{"line":28,"column":29}}]},"2":{"line":30,"type":"binary-expr","locations":[{"start":{"line":30,"column":23},"end":{"line":30,"column":37}},{"start":{"line":31,"column":20},"end":{"line":31,"column":61}},{"start":{"line":32,"column":20},"end":{"line":32,"column":70}},{"start":{"line":33,"column":20},"end":{"line":33,"column":26}}]},"3":{"line":37,"type":"cond-expr","locations":[{"start":{"line":38,"column":14},"end":{"line":38,"column":20}},{"start":{"line":39,"column":14},"end":{"line":39,"column":20}}]},"4":{"line":40,"type":"switch","locations":[{"start":{"line":42,"column":8},"end":{"line":47,"column":18}},{"start":{"line":49,"column":8},"end":{"line":52,"column":18}}]},"5":{"line":44,"type":"binary-expr","locations":[{"start":{"line":44,"column":16},"end":{"line":44,"column":44}},{"start":{"line":44,"column":48},"end":{"line":44,"column":66}}]},"6":{"line":50,"type":"binary-expr","locations":[{"start":{"line":50,"column":21},"end":{"line":50,"column":49}},{"start":{"line":50,"column":53},"end":{"line":50,"column":72}}]},"7":{"line":64,"type":"switch","locations":[{"start":{"line":69,"column":4},"end":{"line":70,"column":14}},{"start":{"line":75,"column":4},"end":{"line":76,"column":14}}]},"8":{"line":85,"type":"switch","locations":[{"start":{"line":90,"column":4},"end":{"line":105,"column":14}},{"start":{"line":111,"column":4},"end":{"line":193,"column":14},"skip":true}]},"9":{"line":91,"type":"binary-expr","locations":[{"start":{"line":91,"column":42},"end":{"line":91,"column":73}},{"start":{"line":91,"column":77},"end":{"line":99,"column":9}}]},"10":{"line":102,"type":"binary-expr","locations":[{"start":{"line":102,"column":18},"end":{"line":102,"column":32}},{"start":{"line":103,"column":12},"end":{"line":103,"column":53}},{"start":{"line":104,"column":12},"end":{"line":104,"column":61}}]},"11":{"line":112,"type":"binary-expr","locations":[{"start":{"line":112,"column":45},"end":{"line":112,"column":79},"skip":true},{"start":{"line":112,"column":83},"end":{"line":121,"column":9},"skip":true}]},"12":{"line":123,"type":"binary-expr","locations":[{"start":{"line":123,"column":42},"end":{"line":123,"column":73},"skip":true},{"start":{"line":123,"column":77},"end":{"line":136,"column":9},"skip":true}]},"13":{"line":138,"type":"binary-expr","locations":[{"start":{"line":138,"column":48},"end":{"line":138,"column":85},"skip":true},{"start":{"line":139,"column":12},"end":{"line":145,"column":13},"skip":true}]},"14":{"line":147,"type":"binary-expr","locations":[{"start":{"line":147,"column":42},"end":{"line":147,"column":73},"skip":true},{"start":{"line":147,"column":77},"end":{"line":156,"column":9},"skip":true}]},"15":{"line":158,"type":"binary-expr","locations":[{"start":{"line":158,"column":45},"end":{"line":158,"column":79},"skip":true},{"start":{"line":158,"column":83},"end":{"line":167,"column":9},"skip":true}]},"16":{"line":169,"type":"binary-expr","locations":[{"start":{"line":169,"column":43},"end":{"line":169,"column":75},"skip":true},{"start":{"line":169,"column":79},"end":{"line":178,"column":9},"skip":true}]},"17":{"line":180,"type":"binary-expr","locations":[{"start":{"line":180,"column":41},"end":{"line":180,"column":71},"skip":true},{"start":{"line":180,"column":75},"end":{"line":189,"column":9},"skip":true}]}},"code":["/* istanbul instrument in package npmtest_botkit */","/*jslint","    bitwise: true,","    browser: true,","    maxerr: 8,","    maxlen: 96,","    node: true,","    nomen: true,","    regexp: true,","    stupid: true","*/","(function () {","    'use strict';","    var local;","","","","    // run shared js-env code - pre-init","    (function () {","        // init local","        local = {};","        // init modeJs","        local.modeJs = (function () {","            try {","                return typeof navigator.userAgent === 'string' &&","                    typeof document.querySelector('body') === 'object' &&","                    typeof XMLHttpRequest.prototype.open === 'function' &&","                    'browser';","            } catch (errorCaughtBrowser) {","                return module.exports &&","                    typeof process.versions.node === 'string' &&","                    typeof require('http').createServer === 'function' &&","                    'node';","            }","        }());","        // init global","        local.global = local.modeJs === 'browser'","            ? window","            : global;","        switch (local.modeJs) {","        // re-init local from window.local","        case 'browser':","            local = local.global.utility2.objectSetDefault(","                local.global.utility2_rollup || local.global.local,","                local.global.utility2","            );","            break;","        // re-init local from example.js","        case 'node':","            local = (local.global.utility2_rollup || require('utility2'))","                .requireExampleJsFromReadme();","            break;","        }","        // export local","        local.global.local = local;","    }());","","","","    // run shared js-env code - function","    (function () {","        return;","    }());","    switch (local.modeJs) {","","","","    // run browser js-env code - function","    case 'browser':","        break;","","","","    // run node js-env code - function","    case 'node':","        break;","    }","","","","    // run shared js-env code - post-init","    (function () {","        return;","    }());","    switch (local.modeJs) {","","","","    // run browser js-env code - post-init","    case 'browser':","        local.testCase_browser_nullCase = local.testCase_browser_nullCase || function (","            options,","            onError","        ) {","        /*","         * this function will test browsers's null-case handling-behavior-behavior","         */","            onError(null, options);","        };","","        // run tests","        local.nop(local.modeTest &&","            document.querySelector('#testRunButton1') &&","            document.querySelector('#testRunButton1').click());","        break;","","","","    // run node js-env code - post-init","    /* istanbul ignore next */","    case 'node':","        local.testCase_buildApidoc_default = local.testCase_buildApidoc_default || function (","            options,","            onError","        ) {","        /*","         * this function will test buildApidoc's default handling-behavior-behavior","         */","            options = { modulePathList: module.paths };","            local.buildApidoc(options, onError);","        };","","        local.testCase_buildApp_default = local.testCase_buildApp_default || function (","            options,","            onError","        ) {","        /*","         * this function will test buildApp's default handling-behavior-behavior","         */","            local.testCase_buildReadme_default(options, local.onErrorThrow);","            local.testCase_buildLib_default(options, local.onErrorThrow);","            local.testCase_buildTest_default(options, local.onErrorThrow);","            local.testCase_buildCustomOrg_default(options, local.onErrorThrow);","            options = [];","            local.buildApp(options, onError);","        };","","        local.testCase_buildCustomOrg_default = local.testCase_buildCustomOrg_default ||","            function (options, onError) {","            /*","             * this function will test buildCustomOrg's default handling-behavior","             */","                options = {};","                local.buildCustomOrg(options, onError);","            };","","        local.testCase_buildLib_default = local.testCase_buildLib_default || function (","            options,","            onError","        ) {","        /*","         * this function will test buildLib's default handling-behavior","         */","            options = {};","            local.buildLib(options, onError);","        };","","        local.testCase_buildReadme_default = local.testCase_buildReadme_default || function (","            options,","            onError","        ) {","        /*","         * this function will test buildReadme's default handling-behavior-behavior","         */","            options = {};","            local.buildReadme(options, onError);","        };","","        local.testCase_buildTest_default = local.testCase_buildTest_default || function (","            options,","            onError","        ) {","        /*","         * this function will test buildTest's default handling-behavior","         */","            options = {};","            local.buildTest(options, onError);","        };","","        local.testCase_webpage_default = local.testCase_webpage_default || function (","            options,","            onError","        ) {","        /*","         * this function will test webpage's default handling-behavior","         */","            options = { modeCoverageMerge: true, url: local.serverLocalHost + '?modeTest=1' };","            local.browserTest(options, onError);","        };","","        // run test-server","        local.testRunServer(local);","        break;","    }","}());",""],"l":{"12":2,"14":2,"19":2,"21":2,"23":2,"24":2,"25":2,"30":1,"37":2,"40":2,"43":1,"47":1,"50":1,"52":1,"55":2,"61":2,"62":2,"64":2,"70":1,"76":1,"82":2,"83":2,"85":2,"91":1,"98":1,"102":1,"105":1,"112":1,"119":1,"120":1,"123":1,"130":1,"131":1,"132":1,"133":1,"134":1,"135":1,"138":1,"143":2,"144":2,"147":1,"154":2,"155":2,"158":1,"165":2,"166":2,"169":1,"176":2,"177":2,"180":1,"187":1,"188":1,"192":1,"193":1}},"/home/travis/build/npmtest/node-npmtest-botkit/lib.npmtest_botkit.js":{"path":"/home/travis/build/npmtest/node-npmtest-botkit/lib.npmtest_botkit.js","s":{"1":2,"2":2,"3":2,"4":2,"5":2,"6":2,"7":2,"8":1,"9":2,"10":2,"11":2,"12":2,"13":1,"14":1,"15":1,"16":1},"b":{"1":[2,1,1,1],"2":[1,1,1,1],"3":[1,1],"4":[2,2],"5":[1,1]},"f":{"1":2,"2":2,"3":2},"fnMap":{"1":{"name":"(anonymous_1)","line":12,"loc":{"start":{"line":12,"column":1},"end":{"line":12,"column":13}}},"2":{"name":"(anonymous_2)","line":19,"loc":{"start":{"line":19,"column":5},"end":{"line":19,"column":17}}},"3":{"name":"(anonymous_3)","line":23,"loc":{"start":{"line":23,"column":24},"end":{"line":23,"column":36}}}},"statementMap":{"1":{"start":{"line":12,"column":0},"end":{"line":53,"column":5}},"2":{"start":{"line":14,"column":4},"end":{"line":14,"column":14}},"3":{"start":{"line":19,"column":4},"end":{"line":52,"column":9}},"4":{"start":{"line":21,"column":8},"end":{"line":21,"column":19}},"5":{"start":{"line":23,"column":8},"end":{"line":35,"column":13}},"6":{"start":{"line":24,"column":12},"end":{"line":34,"column":13}},"7":{"start":{"line":25,"column":16},"end":{"line":28,"column":30}},"8":{"start":{"line":30,"column":16},"end":{"line":33,"column":27}},"9":{"start":{"line":37,"column":8},"end":{"line":39,"column":21}},"10":{"start":{"line":41,"column":8},"end":{"line":41,"column":54}},"11":{"start":{"line":43,"column":8},"end":{"line":43,"column":51}},"12":{"start":{"line":45,"column":8},"end":{"line":51,"column":9}},"13":{"start":{"line":46,"column":12},"end":{"line":46,"column":57}},"14":{"start":{"line":48,"column":12},"end":{"line":48,"column":35}},"15":{"start":{"line":49,"column":12},"end":{"line":49,"column":49}},"16":{"start":{"line":50,"column":12},"end":{"line":50,"column":43}}},"branchMap":{"1":{"line":25,"type":"binary-expr","locations":[{"start":{"line":25,"column":23},"end":{"line":25,"column":62}},{"start":{"line":26,"column":20},"end":{"line":26,"column":70}},{"start":{"line":27,"column":20},"end":{"line":27,"column":71}},{"start":{"line":28,"column":20},"end":{"line":28,"column":29}}]},"2":{"line":30,"type":"binary-expr","locations":[{"start":{"line":30,"column":23},"end":{"line":30,"column":37}},{"start":{"line":31,"column":20},"end":{"line":31,"column":61}},{"start":{"line":32,"column":20},"end":{"line":32,"column":70}},{"start":{"line":33,"column":20},"end":{"line":33,"column":26}}]},"3":{"line":37,"type":"cond-expr","locations":[{"start":{"line":38,"column":14},"end":{"line":38,"column":20}},{"start":{"line":39,"column":14},"end":{"line":39,"column":20}}]},"4":{"line":41,"type":"binary-expr","locations":[{"start":{"line":41,"column":16},"end":{"line":41,"column":44}},{"start":{"line":41,"column":48},"end":{"line":41,"column":53}}]},"5":{"line":45,"type":"if","locations":[{"start":{"line":45,"column":8},"end":{"line":45,"column":8}},{"start":{"line":45,"column":8},"end":{"line":45,"column":8}}]}},"code":["/* istanbul instrument in package npmtest_botkit */","/*jslint","    bitwise: true,","    browser: true,","    maxerr: 8,","    maxlen: 96,","    node: true,","    nomen: true,","    regexp: true,","    stupid: true","*/","(function () {","    'use strict';","    var local;","","","","    // run shared js-env code - pre-init","    (function () {","        // init local","        local = {};","        // init modeJs","        local.modeJs = (function () {","            try {","                return typeof navigator.userAgent === 'string' &&","                    typeof document.querySelector('body') === 'object' &&","                    typeof XMLHttpRequest.prototype.open === 'function' &&","                    'browser';","            } catch (errorCaughtBrowser) {","                return module.exports &&","                    typeof process.versions.node === 'string' &&","                    typeof require('http').createServer === 'function' &&","                    'node';","            }","        }());","        // init global","        local.global = local.modeJs === 'browser'","            ? window","            : global;","        // init utility2_rollup","        local = local.global.utility2_rollup || local;","        // init lib","        local.local = local.npmtest_botkit = local;","        // init exports","        if (local.modeJs === 'browser') {","            local.global.utility2_npmtest_botkit = local;","        } else {","            module.exports = local;","            module.exports.__dirname = __dirname;","            module.exports.module = module;","        }","    }());","}());",""],"l":{"12":2,"14":2,"19":2,"21":2,"23":2,"24":2,"25":2,"30":1,"37":2,"41":2,"43":2,"45":2,"46":1,"48":1,"49":1,"50":1}},"/home/travis/build/npmtest/node-npmtest-botkit/example.js":{"path":"/home/travis/build/npmtest/node-npmtest-botkit/example.js","s":{"1":2,"2":2,"3":2,"4":2,"5":2,"6":2,"7":2,"8":1,"9":2,"10":2,"11":2,"12":2,"13":1,"14":2,"15":2,"16":2,"17":2,"18":2,"19":0,"20":2,"21":1,"22":1,"23":1,"24":1,"25":1,"26":0,"27":0,"28":1,"29":1,"30":2,"31":0,"32":0,"33":0,"34":1,"35":2,"36":2,"37":3,"38":3,"39":3,"40":3,"41":0,"42":3,"43":3,"44":3,"45":1,"46":3,"47":1,"48":1,"49":1,"50":1,"51":1,"52":1,"53":1,"54":1,"55":1,"56":1,"57":0,"58":1,"59":6,"60":6,"61":1,"62":2,"63":0,"64":2,"65":1,"66":1,"67":0,"68":0,"69":0,"70":0,"71":0,"72":0,"73":0,"74":0,"75":0,"76":0,"77":0,"78":0,"79":0,"80":0,"81":0,"82":0,"83":0},"b":{"1":[2,1,1,1],"2":[1,1,1,1],"3":[1,1],"4":[2,2],"5":[1,1],"6":[1,1],"7":[2,0],"8":[2,1,1,1,1,1],"9":[0,2,0],"10":[1,1],"11":[2,1,1],"12":[1,0],"13":[0,2],"14":[2,0,0,0,0,0,0],"15":[0,3],"16":[3,0],"17":[1,1],"18":[0,1],"19":[1,2,0,2],"20":[1,0],"21":[1,1],"22":[0,0],"23":[0,0],"24":[0,0],"25":[0,0],"26":[0,0],"27":[0,0],"28":[0,0]},"f":{"1":2,"2":2,"3":2,"4":2,"5":2,"6":2,"7":3,"8":3,"9":3,"10":1,"11":6,"12":0},"fnMap":{"1":{"name":"(anonymous_1)","line":26,"loc":{"start":{"line":26,"column":1},"end":{"line":26,"column":13}}},"2":{"name":"(anonymous_2)","line":33,"loc":{"start":{"line":33,"column":5},"end":{"line":33,"column":17}}},"3":{"name":"(anonymous_3)","line":37,"loc":{"start":{"line":37,"column":24},"end":{"line":37,"column":36}}},"4":{"name":"(anonymous_4)","line":69,"loc":{"start":{"line":69,"column":31},"end":{"line":69,"column":48}},"skip":true},"5":{"name":"(anonymous_5)","line":78,"loc":{"start":{"line":78,"column":26},"end":{"line":78,"column":45}},"skip":true},"6":{"name":"(anonymous_6)","line":123,"loc":{"start":{"line":123,"column":33},"end":{"line":123,"column":48}},"skip":true},"7":{"name":"(anonymous_7)","line":125,"loc":{"start":{"line":125,"column":27},"end":{"line":125,"column":39}},"skip":true},"8":{"name":"(anonymous_8)","line":133,"loc":{"start":{"line":133,"column":59},"end":{"line":133,"column":74}},"skip":true},"9":{"name":"(anonymous_9)","line":143,"loc":{"start":{"line":143,"column":45},"end":{"line":143,"column":62}},"skip":true},"10":{"name":"(anonymous_10)","line":144,"loc":{"start":{"line":144,"column":73},"end":{"line":144,"column":92}},"skip":true},"11":{"name":"(anonymous_11)","line":272,"loc":{"start":{"line":272,"column":51},"end":{"line":272,"column":77}},"skip":true},"12":{"name":"(anonymous_12)","line":315,"loc":{"start":{"line":315,"column":32},"end":{"line":315,"column":61}},"skip":true}},"statementMap":{"1":{"start":{"line":26,"column":0},"end":{"line":326,"column":5}},"2":{"start":{"line":28,"column":4},"end":{"line":28,"column":14}},"3":{"start":{"line":33,"column":4},"end":{"line":60,"column":9}},"4":{"start":{"line":35,"column":8},"end":{"line":35,"column":19}},"5":{"start":{"line":37,"column":8},"end":{"line":49,"column":13}},"6":{"start":{"line":38,"column":12},"end":{"line":48,"column":13}},"7":{"start":{"line":39,"column":16},"end":{"line":42,"column":30}},"8":{"start":{"line":44,"column":16},"end":{"line":47,"column":27}},"9":{"start":{"line":51,"column":8},"end":{"line":53,"column":21}},"10":{"start":{"line":55,"column":8},"end":{"line":57,"column":45}},"11":{"start":{"line":59,"column":8},"end":{"line":59,"column":35}},"12":{"start":{"line":61,"column":4},"end":{"line":325,"column":5}},"13":{"start":{"line":69,"column":8},"end":{"line":121,"column":10},"skip":true},"14":{"start":{"line":70,"column":12},"end":{"line":88,"column":13},"skip":true},"15":{"start":{"line":76,"column":16},"end":{"line":87,"column":19},"skip":true},"16":{"start":{"line":79,"column":20},"end":{"line":86,"column":21},"skip":true},"17":{"start":{"line":82,"column":24},"end":{"line":82,"column":43},"skip":true},"18":{"start":{"line":83,"column":24},"end":{"line":83,"column":30},"skip":true},"19":{"start":{"line":85,"column":24},"end":{"line":85,"column":49},"skip":true},"20":{"start":{"line":89,"column":12},"end":{"line":107,"column":13},"skip":true},"21":{"start":{"line":92,"column":16},"end":{"line":102,"column":17},"skip":true},"22":{"start":{"line":93,"column":20},"end":{"line":93,"column":86},"skip":true},"23":{"start":{"line":94,"column":20},"end":{"line":95,"column":45},"skip":true},"24":{"start":{"line":96,"column":20},"end":{"line":96,"column":42},"skip":true},"25":{"start":{"line":97,"column":20},"end":{"line":97,"column":48},"skip":true},"26":{"start":{"line":100,"column":20},"end":{"line":100,"column":85},"skip":true},"27":{"start":{"line":101,"column":20},"end":{"line":101,"column":96},"skip":true},"28":{"start":{"line":103,"column":16},"end":{"line":103,"column":22},"skip":true},"29":{"start":{"line":106,"column":16},"end":{"line":106,"column":22},"skip":true},"30":{"start":{"line":108,"column":12},"end":{"line":120,"column":13},"skip":true},"31":{"start":{"line":114,"column":16},"end":{"line":119,"column":17},"skip":true},"32":{"start":{"line":116,"column":20},"end":{"line":116,"column":78},"skip":true},"33":{"start":{"line":118,"column":20},"end":{"line":118,"column":47},"skip":true},"34":{"start":{"line":123,"column":8},"end":{"line":141,"column":11},"skip":true},"35":{"start":{"line":124,"column":12},"end":{"line":124,"column":54},"skip":true},"36":{"start":{"line":125,"column":12},"end":{"line":140,"column":14},"skip":true},"37":{"start":{"line":126,"column":16},"end":{"line":126,"column":28},"skip":true},"38":{"start":{"line":127,"column":16},"end":{"line":127,"column":69},"skip":true},"39":{"start":{"line":128,"column":16},"end":{"line":128,"column":75},"skip":true},"40":{"start":{"line":129,"column":16},"end":{"line":131,"column":17},"skip":true},"41":{"start":{"line":130,"column":20},"end":{"line":130,"column":27},"skip":true},"42":{"start":{"line":133,"column":16},"end":{"line":137,"column":36},"skip":true},"43":{"start":{"line":134,"column":20},"end":{"line":136,"column":55},"skip":true},"44":{"start":{"line":139,"column":16},"end":{"line":139,"column":57},"skip":true},"45":{"start":{"line":143,"column":8},"end":{"line":147,"column":11},"skip":true},"46":{"start":{"line":144,"column":12},"end":{"line":146,"column":15},"skip":true},"47":{"start":{"line":145,"column":16},"end":{"line":145,"column":70},"skip":true},"48":{"start":{"line":149,"column":8},"end":{"line":149,"column":31},"skip":true},"49":{"start":{"line":150,"column":8},"end":{"line":150,"column":14},"skip":true},"50":{"start":{"line":158,"column":8},"end":{"line":158,"column":31},"skip":true},"51":{"start":{"line":160,"column":8},"end":{"line":160,"column":33},"skip":true},"52":{"start":{"line":161,"column":8},"end":{"line":161,"column":37},"skip":true},"53":{"start":{"line":162,"column":8},"end":{"line":162,"column":35},"skip":true},"54":{"start":{"line":164,"column":8},"end":{"line":164,"column":50},"skip":true},"55":{"start":{"line":166,"column":8},"end":{"line":256,"column":2},"skip":true},"56":{"start":{"line":258,"column":8},"end":{"line":286,"column":9},"skip":true},"57":{"start":{"line":259,"column":12},"end":{"line":269,"column":14},"skip":true},"58":{"start":{"line":271,"column":12},"end":{"line":285,"column":19},"skip":true},"59":{"start":{"line":274,"column":20},"end":{"line":274,"column":35},"skip":true},"60":{"start":{"line":275,"column":20},"end":{"line":284,"column":21},"skip":true},"61":{"start":{"line":277,"column":24},"end":{"line":277,"column":64},"skip":true},"62":{"start":{"line":279,"column":24},"end":{"line":279,"column":40},"skip":true},"63":{"start":{"line":281,"column":24},"end":{"line":281,"column":40},"skip":true},"64":{"start":{"line":283,"column":24},"end":{"line":283,"column":39},"skip":true},"65":{"start":{"line":288,"column":8},"end":{"line":290,"column":9},"skip":true},"66":{"start":{"line":289,"column":12},"end":{"line":289,"column":18},"skip":true},"67":{"start":{"line":291,"column":8},"end":{"line":293,"column":54},"skip":true},"68":{"start":{"line":296,"column":8},"end":{"line":301,"column":37},"skip":true},"69":{"start":{"line":303,"column":8},"end":{"line":303,"column":82},"skip":true},"70":{"start":{"line":306,"column":8},"end":{"line":308,"column":9},"skip":true},"71":{"start":{"line":307,"column":12},"end":{"line":307,"column":82},"skip":true},"72":{"start":{"line":310,"column":8},"end":{"line":312,"column":9},"skip":true},"73":{"start":{"line":311,"column":12},"end":{"line":311,"column":18},"skip":true},"74":{"start":{"line":313,"column":8},"end":{"line":313,"column":54},"skip":true},"75":{"start":{"line":314,"column":8},"end":{"line":314,"column":69},"skip":true},"76":{"start":{"line":315,"column":8},"end":{"line":323,"column":36},"skip":true},"77":{"start":{"line":316,"column":12},"end":{"line":316,"column":61},"skip":true},"78":{"start":{"line":317,"column":12},"end":{"line":320,"column":13},"skip":true},"79":{"start":{"line":318,"column":16},"end":{"line":318,"column":75},"skip":true},"80":{"start":{"line":319,"column":16},"end":{"line":319,"column":23},"skip":true},"81":{"start":{"line":321,"column":12},"end":{"line":321,"column":38},"skip":true},"82":{"start":{"line":322,"column":12},"end":{"line":322,"column":27},"skip":true},"83":{"start":{"line":324,"column":8},"end":{"line":324,"column":14},"skip":true}},"branchMap":{"1":{"line":39,"type":"binary-expr","locations":[{"start":{"line":39,"column":23},"end":{"line":39,"column":62}},{"start":{"line":40,"column":20},"end":{"line":40,"column":70}},{"start":{"line":41,"column":20},"end":{"line":41,"column":71}},{"start":{"line":42,"column":20},"end":{"line":42,"column":29}}]},"2":{"line":44,"type":"binary-expr","locations":[{"start":{"line":44,"column":23},"end":{"line":44,"column":37}},{"start":{"line":45,"column":20},"end":{"line":45,"column":61}},{"start":{"line":46,"column":20},"end":{"line":46,"column":70}},{"start":{"line":47,"column":20},"end":{"line":47,"column":26}}]},"3":{"line":51,"type":"cond-expr","locations":[{"start":{"line":52,"column":14},"end":{"line":52,"column":20}},{"start":{"line":53,"column":14},"end":{"line":53,"column":20}}]},"4":{"line":55,"type":"binary-expr","locations":[{"start":{"line":55,"column":16},"end":{"line":55,"column":44}},{"start":{"line":55,"column":49},"end":{"line":57,"column":43}}]},"5":{"line":55,"type":"cond-expr","locations":[{"start":{"line":56,"column":14},"end":{"line":56,"column":50}},{"start":{"line":57,"column":14},"end":{"line":57,"column":43}}]},"6":{"line":61,"type":"switch","locations":[{"start":{"line":68,"column":4},"end":{"line":150,"column":14},"skip":true},{"start":{"line":156,"column":4},"end":{"line":324,"column":14},"skip":true}]},"7":{"line":70,"type":"if","locations":[{"start":{"line":70,"column":12},"end":{"line":70,"column":12},"skip":true},{"start":{"line":70,"column":12},"end":{"line":70,"column":12},"skip":true}]},"8":{"line":70,"type":"binary-expr","locations":[{"start":{"line":70,"column":16},"end":{"line":70,"column":22},"skip":true},{"start":{"line":70,"column":27},"end":{"line":70,"column":32},"skip":true},{"start":{"line":71,"column":20},"end":{"line":71,"column":39},"skip":true},{"start":{"line":72,"column":20},"end":{"line":72,"column":49},"skip":true},{"start":{"line":73,"column":20},"end":{"line":73,"column":58},"skip":true},{"start":{"line":74,"column":20},"end":{"line":74,"column":69},"skip":true}]},"9":{"line":79,"type":"switch","locations":[{"start":{"line":80,"column":20},"end":{"line":80,"column":33},"skip":true},{"start":{"line":81,"column":20},"end":{"line":83,"column":30},"skip":true},{"start":{"line":84,"column":20},"end":{"line":85,"column":49},"skip":true}]},"10":{"line":89,"type":"switch","locations":[{"start":{"line":90,"column":12},"end":{"line":103,"column":22},"skip":true},{"start":{"line":105,"column":12},"end":{"line":106,"column":22},"skip":true}]},"11":{"line":89,"type":"binary-expr","locations":[{"start":{"line":89,"column":20},"end":{"line":89,"column":25},"skip":true},{"start":{"line":89,"column":29},"end":{"line":89,"column":48},"skip":true},{"start":{"line":89,"column":52},"end":{"line":89,"column":74},"skip":true}]},"12":{"line":92,"type":"if","locations":[{"start":{"line":92,"column":16},"end":{"line":92,"column":16},"skip":true},{"start":{"line":92,"column":16},"end":{"line":92,"column":16},"skip":true}]},"13":{"line":108,"type":"if","locations":[{"start":{"line":108,"column":12},"end":{"line":108,"column":12},"skip":true},{"start":{"line":108,"column":12},"end":{"line":108,"column":12},"skip":true}]},"14":{"line":108,"type":"binary-expr","locations":[{"start":{"line":108,"column":16},"end":{"line":108,"column":61},"skip":true},{"start":{"line":108,"column":66},"end":{"line":108,"column":72},"skip":true},{"start":{"line":108,"column":77},"end":{"line":108,"column":82},"skip":true},{"start":{"line":109,"column":20},"end":{"line":109,"column":39},"skip":true},{"start":{"line":110,"column":20},"end":{"line":110,"column":49},"skip":true},{"start":{"line":111,"column":20},"end":{"line":111,"column":58},"skip":true},{"start":{"line":112,"column":20},"end":{"line":112,"column":68},"skip":true}]},"15":{"line":129,"type":"if","locations":[{"start":{"line":129,"column":16},"end":{"line":129,"column":16},"skip":true},{"start":{"line":129,"column":16},"end":{"line":129,"column":16},"skip":true}]},"16":{"line":134,"type":"cond-expr","locations":[{"start":{"line":135,"column":26},"end":{"line":135,"column":29},"skip":true},{"start":{"line":136,"column":26},"end":{"line":136,"column":54},"skip":true}]},"17":{"line":164,"type":"binary-expr","locations":[{"start":{"line":164,"column":27},"end":{"line":164,"column":43},"skip":true},{"start":{"line":164,"column":47},"end":{"line":164,"column":49},"skip":true}]},"18":{"line":258,"type":"if","locations":[{"start":{"line":258,"column":8},"end":{"line":258,"column":8},"skip":true},{"start":{"line":258,"column":8},"end":{"line":258,"column":8},"skip":true}]},"19":{"line":275,"type":"switch","locations":[{"start":{"line":276,"column":20},"end":{"line":277,"column":64},"skip":true},{"start":{"line":278,"column":20},"end":{"line":279,"column":40},"skip":true},{"start":{"line":280,"column":20},"end":{"line":281,"column":40},"skip":true},{"start":{"line":282,"column":20},"end":{"line":283,"column":39},"skip":true}]},"20":{"line":288,"type":"if","locations":[{"start":{"line":288,"column":8},"end":{"line":288,"column":8},"skip":true},{"start":{"line":288,"column":8},"end":{"line":288,"column":8},"skip":true}]},"21":{"line":288,"type":"binary-expr","locations":[{"start":{"line":288,"column":12},"end":{"line":288,"column":40},"skip":true},{"start":{"line":288,"column":44},"end":{"line":288,"column":67},"skip":true}]},"22":{"line":292,"type":"binary-expr","locations":[{"start":{"line":292,"column":12},"end":{"line":292,"column":50},"skip":true},{"start":{"line":293,"column":12},"end":{"line":293,"column":53},"skip":true}]},"23":{"line":297,"type":"binary-expr","locations":[{"start":{"line":297,"column":12},"end":{"line":297,"column":64},"skip":true},{"start":{"line":298,"column":12},"end":{"line":301,"column":36},"skip":true}]},"24":{"line":303,"type":"binary-expr","locations":[{"start":{"line":303,"column":43},"end":{"line":303,"column":75},"skip":true},{"start":{"line":303,"column":79},"end":{"line":303,"column":81},"skip":true}]},"25":{"line":306,"type":"if","locations":[{"start":{"line":306,"column":8},"end":{"line":306,"column":8},"skip":true},{"start":{"line":306,"column":8},"end":{"line":306,"column":8},"skip":true}]},"26":{"line":310,"type":"if","locations":[{"start":{"line":310,"column":8},"end":{"line":310,"column":8},"skip":true},{"start":{"line":310,"column":8},"end":{"line":310,"column":8},"skip":true}]},"27":{"line":313,"type":"binary-expr","locations":[{"start":{"line":313,"column":27},"end":{"line":313,"column":43},"skip":true},{"start":{"line":313,"column":47},"end":{"line":313,"column":53},"skip":true}]},"28":{"line":317,"type":"if","locations":[{"start":{"line":317,"column":12},"end":{"line":317,"column":12},"skip":true},{"start":{"line":317,"column":12},"end":{"line":317,"column":12},"skip":true}]}},"code":["/*","example.js","","quickstart example","","instruction","    1. save this script as example.js","    2. run the shell command:","        $ npm install npmtest-botkit && PORT=8081 node example.js","    3. play with the browser-demo on http://127.0.0.1:8081","*/","","","","/* istanbul instrument in package npmtest_botkit */","/*jslint","    bitwise: true,","    browser: true,","    maxerr: 8,","    maxlen: 96,","    node: true,","    nomen: true,","    regexp: true,","    stupid: true","*/","(function () {","    'use strict';","    var local;","","","","    // run shared js-env code - pre-init","    (function () {","        // init local","        local = {};","        // init modeJs","        local.modeJs = (function () {","            try {","                return typeof navigator.userAgent === 'string' &&","                    typeof document.querySelector('body') === 'object' &&","                    typeof XMLHttpRequest.prototype.open === 'function' &&","                    'browser';","            } catch (errorCaughtBrowser) {","                return module.exports &&","                    typeof process.versions.node === 'string' &&","                    typeof require('http').createServer === 'function' &&","                    'node';","            }","        }());","        // init global","        local.global = local.modeJs === 'browser'","            ? window","            : global;","        // init utility2_rollup","        local = local.global.utility2_rollup || (local.modeJs === 'browser'","            ? local.global.utility2_npmtest_botkit","            : global.utility2_moduleExports);","        // export local","        local.global.local = local;","    }());","    switch (local.modeJs) {","","","","    // post-init","    // run browser js-env code - post-init","    /* istanbul ignore next */","    case 'browser':","        local.testRunBrowser = function (event) {","            if (!event || (event &&","                    event.currentTarget &&","                    event.currentTarget.className &&","                    event.currentTarget.className.includes &&","                    event.currentTarget.className.includes('onreset'))) {","                // reset output","                Array.from(","                    document.querySelectorAll('body > .resettable')","                ).forEach(function (element) {","                    switch (element.tagName) {","                    case 'INPUT':","                    case 'TEXTAREA':","                        element.value = '';","                        break;","                    default:","                        element.textContent = '';","                    }","                });","            }","            switch (event && event.currentTarget && event.currentTarget.id) {","            case 'testRunButton1':","                // show tests","                if (document.querySelector('#testReportDiv1').style.display === 'none') {","                    document.querySelector('#testReportDiv1').style.display = 'block';","                    document.querySelector('#testRunButton1').textContent =","                        'hide internal test';","                    local.modeTest = true;","                    local.testRunDefault(local);","                // hide tests","                } else {","                    document.querySelector('#testReportDiv1').style.display = 'none';","                    document.querySelector('#testRunButton1').textContent = 'run internal test';","                }","                break;","            // custom-case","            default:","                break;","            }","            if (document.querySelector('#inputTextareaEval1') && (!event || (event &&","                    event.currentTarget &&","                    event.currentTarget.className &&","                    event.currentTarget.className.includes &&","                    event.currentTarget.className.includes('oneval')))) {","                // try to eval input-code","                try {","                    /*jslint evil: true*/","                    eval(document.querySelector('#inputTextareaEval1').value);","                } catch (errorCaught) {","                    console.error(errorCaught);","                }","            }","        };","        // log stderr and stdout to #outputTextareaStdout1","        ['error', 'log'].forEach(function (key) {","            console[key + '_original'] = console[key];","            console[key] = function () {","                var element;","                console[key + '_original'].apply(console, arguments);","                element = document.querySelector('#outputTextareaStdout1');","                if (!element) {","                    return;","                }","                // append text to #outputTextareaStdout1","                element.value += Array.from(arguments).map(function (arg) {","                    return typeof arg === 'string'","                        ? arg","                        : JSON.stringify(arg, null, 4);","                }).join(' ') + '\\n';","                // scroll textarea to bottom","                element.scrollTop = element.scrollHeight;","            };","        });","        // init event-handling","        ['change', 'click', 'keyup'].forEach(function (event) {","            Array.from(document.querySelectorAll('.on' + event)).forEach(function (element) {","                element.addEventListener(event, local.testRunBrowser);","            });","        });","        // run tests","        local.testRunBrowser();","        break;","","","","    // run node js-env code - post-init","    /* istanbul ignore next */","    case 'node':","        // export local","        module.exports = local;","        // require modules","        local.fs = require('fs');","        local.http = require('http');","        local.url = require('url');","        // init assets","        local.assetsDict = local.assetsDict || {};","        /* jslint-ignore-begin */","        local.assetsDict['/assets.index.template.html'] = '\\","<!doctype html>\\n\\","<html lang=\"en\">\\n\\","<head>\\n\\","<meta charset=\"UTF-8\">\\n\\","<meta name=\"viewport\" content=\"width=device-width, initial-scale=1\">\\n\\","<title>{{env.npm_package_name}} (v{{env.npm_package_version}})</title>\\n\\","<style>\\n\\","/*csslint\\n\\","    box-sizing: false,\\n\\","    universal-selector: false\\n\\","*/\\n\\","* {\\n\\","    box-sizing: border-box;\\n\\","}\\n\\","body {\\n\\","    background: #dde;\\n\\","    font-family: Arial, Helvetica, sans-serif;\\n\\","    margin: 2rem;\\n\\","}\\n\\","body > * {\\n\\","    margin-bottom: 1rem;\\n\\","}\\n\\",".utility2FooterDiv {\\n\\","    margin-top: 20px;\\n\\","    text-align: center;\\n\\","}\\n\\","</style>\\n\\","<style>\\n\\","/*csslint\\n\\","*/\\n\\","textarea {\\n\\","    font-family: monospace;\\n\\","    height: 10rem;\\n\\","    width: 100%;\\n\\","}\\n\\","textarea[readonly] {\\n\\","    background: #ddd;\\n\\","}\\n\\","</style>\\n\\","</head>\\n\\","<body>\\n\\","<!-- utility2-comment\\n\\","<div id=\"ajaxProgressDiv1\" style=\"background: #d00; height: 2px; left: 0; margin: 0; padding: 0; position: fixed; top: 0; transition: background 0.5s, width 1.5s; width: 25%;\"></div>\\n\\","utility2-comment -->\\n\\","<h1>\\n\\","<!-- utility2-comment\\n\\","    <a\\n\\","        {{#if env.npm_package_homepage}}\\n\\","        href=\"{{env.npm_package_homepage}}\"\\n\\","        {{/if env.npm_package_homepage}}\\n\\","        target=\"_blank\"\\n\\","    >\\n\\","utility2-comment -->\\n\\","        {{env.npm_package_name}} (v{{env.npm_package_version}})\\n\\","<!-- utility2-comment\\n\\","    </a>\\n\\","utility2-comment -->\\n\\","</h1>\\n\\","<h3>{{env.npm_package_description}}</h3>\\n\\","<!-- utility2-comment\\n\\","<h4><a download href=\"assets.app.js\">download standalone app</a></h4>\\n\\","<button class=\"onclick onreset\" id=\"testRunButton1\">run internal test</button><br>\\n\\","<div id=\"testReportDiv1\" style=\"display: none;\"></div>\\n\\","utility2-comment -->\\n\\","\\n\\","\\n\\","\\n\\","<label>stderr and stdout</label>\\n\\","<textarea class=\"resettable\" id=\"outputTextareaStdout1\" readonly></textarea>\\n\\","<!-- utility2-comment\\n\\","{{#if isRollup}}\\n\\","<script src=\"assets.app.js\"></script>\\n\\","{{#unless isRollup}}\\n\\","utility2-comment -->\\n\\","<script src=\"assets.utility2.rollup.js\"></script>\\n\\","<script src=\"jsonp.utility2._stateInit?callback=window.utility2._stateInit\"></script>\\n\\","<script src=\"assets.npmtest_botkit.rollup.js\"></script>\\n\\","<script src=\"assets.example.js\"></script>\\n\\","<script src=\"assets.test.js\"></script>\\n\\","<!-- utility2-comment\\n\\","{{/if isRollup}}\\n\\","utility2-comment -->\\n\\","<div class=\"utility2FooterDiv\">\\n\\","    [ this app was created with\\n\\","    <a href=\"https://github.com/kaizhu256/node-utility2\" target=\"_blank\">utility2</a>\\n\\","    ]\\n\\","</div>\\n\\","</body>\\n\\","</html>\\n\\","';","        /* jslint-ignore-end */","        if (local.templateRender) {","            local.assetsDict['/'] = local.templateRender(","                local.assetsDict['/assets.index.template.html'],","                {","                    env: local.objectSetDefault(local.env, {","                        npm_package_description: 'the greatest app in the world!',","                        npm_package_name: 'my-app',","                        npm_package_nameAlias: 'my_app',","                        npm_package_version: '0.0.1'","                    })","                }","            );","        } else {","            local.assetsDict['/'] = local.assetsDict['/assets.index.template.html']","                .replace((/\\{\\{env\\.(\\w+?)\\}\\}/g), function (match0, match1) {","                    // jslint-hack","                    String(match0);","                    switch (match1) {","                    case 'npm_package_description':","                        return 'the greatest app in the world!';","                    case 'npm_package_name':","                        return 'my-app';","                    case 'npm_package_nameAlias':","                        return 'my_app';","                    case 'npm_package_version':","                        return '0.0.1';","                    }","                });","        }","        // run the cli","        if (local.global.utility2_rollup || module !== require.main) {","            break;","        }","        local.assetsDict['/assets.example.js'] =","            local.assetsDict['/assets.example.js'] ||","            local.fs.readFileSync(__filename, 'utf8');","        // bug-workaround - long $npm_package_buildCustomOrg","        /* jslint-ignore-begin */","        local.assetsDict['/assets.npmtest_botkit.rollup.js'] =","            local.assetsDict['/assets.npmtest_botkit.rollup.js'] ||","            local.fs.readFileSync(","                local.npmtest_botkit.__dirname + '/lib.npmtest_botkit.js',","                'utf8'","            ).replace((/^#!/), '//');","        /* jslint-ignore-end */","        local.assetsDict['/favicon.ico'] = local.assetsDict['/favicon.ico'] || '';","        // if $npm_config_timeout_exit exists,","        // then exit this process after $npm_config_timeout_exit ms","        if (Number(process.env.npm_config_timeout_exit)) {","            setTimeout(process.exit, Number(process.env.npm_config_timeout_exit));","        }","        // start server","        if (local.global.utility2_serverHttp1) {","            break;","        }","        process.env.PORT = process.env.PORT || '8081';","        console.error('server starting on port ' + process.env.PORT);","        local.http.createServer(function (request, response) {","            request.urlParsed = local.url.parse(request.url);","            if (local.assetsDict[request.urlParsed.pathname] !== undefined) {","                response.end(local.assetsDict[request.urlParsed.pathname]);","                return;","            }","            response.statusCode = 404;","            response.end();","        }).listen(process.env.PORT);","        break;","    }","}());",""],"l":{"26":2,"28":2,"33":2,"35":2,"37":2,"38":2,"39":2,"44":1,"51":2,"55":2,"59":2,"61":2,"69":1,"70":2,"76":2,"79":2,"82":2,"83":2,"85":1,"89":2,"92":1,"93":1,"94":1,"96":1,"97":1,"100":1,"101":1,"103":1,"106":1,"108":2,"114":1,"116":1,"118":1,"123":1,"124":2,"125":2,"126":3,"127":3,"128":3,"129":3,"130":1,"133":3,"134":3,"139":3,"143":1,"144":3,"145":1,"149":1,"150":1,"158":1,"160":1,"161":1,"162":1,"164":1,"166":1,"258":1,"259":1,"271":1,"274":6,"275":6,"277":1,"279":2,"281":1,"283":2,"288":1,"289":1,"291":1,"296":1,"303":1,"306":1,"307":1,"310":1,"311":1,"313":1,"314":1,"315":1,"316":1,"317":1,"318":1,"319":1,"321":1,"322":1,"324":1}},"/home/travis/build/npmtest/node-npmtest-botkit/node_modules/botkit/lib/Botkit.js":{"path":"/home/travis/build/npmtest/node-npmtest-botkit/node_modules/botkit/lib/Botkit.js","s":{"1":1,"2":1,"3":1,"4":1,"5":1,"6":1,"7":1,"8":1},"b":{},"f":{},"fnMap":{},"statementMap":{"1":{"start":{"line":1,"column":0},"end":{"line":1,"column":49}},"2":{"start":{"line":2,"column":0},"end":{"line":2,"column":51}},"3":{"start":{"line":3,"column":0},"end":{"line":3,"column":54}},"4":{"start":{"line":4,"column":0},"end":{"line":4,"column":59}},"5":{"start":{"line":5,"column":0},"end":{"line":5,"column":62}},"6":{"start":{"line":6,"column":0},"end":{"line":6,"column":56}},"7":{"start":{"line":7,"column":0},"end":{"line":7,"column":55}},"8":{"start":{"line":9,"column":0},"end":{"line":17,"column":2}}},"branchMap":{},"code":["var CoreBot = require(__dirname + '/CoreBot.js');","var Slackbot = require(__dirname + '/SlackBot.js');","var Facebookbot = require(__dirname + '/Facebook.js');","var TwilioIPMbot = require(__dirname + '/TwilioIPMBot.js');","var BotFrameworkBot = require(__dirname + '/BotFramework.js');","var SparkBot = require(__dirname + '/CiscoSparkbot.js');","var ConsoleBot = require(__dirname + '/ConsoleBot.js');","","module.exports = {","    core: CoreBot,","    slackbot: Slackbot,","    sparkbot: SparkBot,","    facebookbot: Facebookbot,","    twilioipmbot: TwilioIPMbot,","    botframeworkbot: BotFrameworkBot,","    consolebot: ConsoleBot,","};",""],"l":{"1":1,"2":1,"3":1,"4":1,"5":1,"6":1,"7":1,"9":1}},"/home/travis/build/npmtest/node-npmtest-botkit/node_modules/botkit/lib/CoreBot.js":{"path":"/home/travis/build/npmtest/node-npmtest-botkit/node_modules/botkit/lib/CoreBot.js","s":{"1":1,"2":1,"3":1,"4":1,"5":1,"6":1,"7":1,"8":1,"9":1,"10":1,"11":8,"12":8,"13":8,"14":1,"15":0,"16":0,"17":0,"18":0,"19":0,"20":0,"21":0,"22":0,"23":0,"24":0,"25":0,"26":0,"27":0,"28":0,"29":0,"30":0,"31":0,"32":0,"33":0,"34":0,"35":0,"36":0,"37":0,"38":0,"39":0,"40":0,"41":0,"42":0,"43":0,"44":0,"45":0,"46":0,"47":0,"48":0,"49":0,"50":0,"51":0,"52":0,"53":0,"54":0,"55":0,"56":0,"57":0,"58":0,"59":0,"60":0,"61":0,"62":0,"63":0,"64":0,"65":0,"66":0,"67":0,"68":0,"69":0,"70":0,"71":0,"72":0,"73":0,"74":0,"75":0,"76":0,"77":0,"78":0,"79":0,"80":0,"81":0,"82":0,"83":0,"84":0,"85":0,"86":0,"87":0,"88":0,"89":0,"90":0,"91":0,"92":0,"93":0,"94":0,"95":0,"96":0,"97":0,"98":0,"99":0,"100":0,"101":0,"102":0,"103":0,"104":0,"105":0,"106":0,"107":0,"108":0,"109":0,"110":0,"111":0,"112":0,"113":0,"114":0,"115":0,"116":0,"117":0,"118":0,"119":0,"120":0,"121":0,"122":0,"123":0,"124":0,"125":0,"126":0,"127":0,"128":0,"129":0,"130":0,"131":0,"132":0,"133":0,"134":0,"135":0,"136":0,"137":0,"138":0,"139":0,"140":0,"141":0,"142":0,"143":0,"144":0,"145":0,"146":0,"147":0,"148":0,"149":0,"150":0,"151":0,"152":0,"153":0,"154":0,"155":0,"156":0,"157":0,"158":0,"159":0,"160":0,"161":0,"162":0,"163":0,"164":0,"165":0,"166":0,"167":0,"168":0,"169":0,"170":0,"171":0,"172":0,"173":0,"174":0,"175":0,"176":0,"177":0,"178":0,"179":0,"180":0,"181":0,"182":0,"183":0,"184":0,"185":0,"186":0,"187":0,"188":0,"189":0,"190":0,"191":0,"192":0,"193":0,"194":0,"195":0,"196":0,"197":0,"198":0,"199":0,"200":0,"201":0,"202":0,"203":0,"204":0,"205":0,"206":0,"207":0,"208":0,"209":0,"210":0,"211":0,"212":0,"213":0,"214":0,"215":0,"216":0,"217":0,"218":0,"219":0,"220":0,"221":0,"222":0,"223":0,"224":0,"225":0,"226":0,"227":0,"228":0,"229":0,"230":0,"231":0,"232":0,"233":0,"234":0,"235":0,"236":0,"237":0,"238":0,"239":0,"240":0,"241":0,"242":0,"243":0,"244":0,"245":0,"246":0,"247":0,"248":0,"249":0,"250":0,"251":0,"252":0,"253":0,"254":0,"255":0,"256":0,"257":0,"258":0,"259":0,"260":0,"261":0,"262":0,"263":0,"264":0,"265":0,"266":0,"267":0,"268":0,"269":0,"270":0,"271":0,"272":0,"273":0,"274":0,"275":0,"276":0,"277":0,"278":0,"279":0,"280":0,"281":0,"282":0,"283":0,"284":0,"285":0,"286":0,"287":0,"288":0,"289":0,"290":0,"291":0,"292":0,"293":0,"294":0,"295":0,"296":0,"297":0,"298":0,"299":0,"300":0,"301":0,"302":0,"303":0,"304":0,"305":0,"306":0,"307":0,"308":0,"309":0,"310":0,"311":0,"312":0,"313":0,"314":1,"315":0,"316":0,"317":0,"318":0,"319":0,"320":0,"321":0,"322":0,"323":0,"324":0,"325":0,"326":0,"327":0,"328":0,"329":0,"330":0,"331":0,"332":0,"333":0,"334":0,"335":0,"336":0,"337":0,"338":0,"339":0,"340":0,"341":0,"342":0,"343":0,"344":0,"345":0,"346":0,"347":0,"348":0,"349":0,"350":0,"351":0,"352":0,"353":0,"354":0,"355":0,"356":0,"357":0,"358":0,"359":0,"360":0,"361":0,"362":0,"363":0,"364":0,"365":0,"366":0,"367":0,"368":0,"369":0,"370":0,"371":0,"372":0,"373":0,"374":0,"375":0,"376":0,"377":0,"378":0,"379":0,"380":0,"381":0,"382":0,"383":0,"384":0,"385":0,"386":0,"387":0,"388":8,"389":0,"390":0,"391":0,"392":0,"393":0,"394":0,"395":0,"396":0,"397":0,"398":0,"399":0,"400":0,"401":0,"402":0,"403":0,"404":0,"405":0,"406":0,"407":0,"408":0,"409":0,"410":8,"411":0,"412":0,"413":0,"414":0,"415":0,"416":0,"417":0,"418":0,"419":0,"420":0,"421":0,"422":0,"423":0,"424":0,"425":0,"426":8,"427":8,"428":8,"429":25,"430":25,"431":0,"432":25,"433":25,"434":0,"435":25,"436":25,"437":25,"438":39,"439":39,"440":0,"441":0,"442":0,"443":0,"444":0,"445":0,"446":25,"447":8,"448":84,"449":84,"450":84,"451":84,"452":53,"453":84,"454":84,"455":8,"456":32,"457":4,"458":4,"459":4,"460":0,"461":8,"462":0,"463":0,"464":8,"465":0,"466":0,"467":0,"468":0,"469":0,"470":8,"471":6,"472":0,"473":6,"474":8,"475":6,"476":4,"477":0,"478":0,"479":0,"480":0,"481":4,"482":4,"483":0,"484":4,"485":4,"486":0,"487":4,"488":8,"489":3,"490":3,"491":24,"492":8,"493":0,"494":0,"495":8,"496":0,"497":0,"498":0,"499":0,"500":0,"501":0,"502":0,"503":0,"504":8,"505":0,"506":0,"507":0,"508":0,"509":0,"510":0,"511":0,"512":0,"513":8,"514":24,"515":0,"516":24,"517":0,"518":0,"519":24,"520":8,"521":0,"522":0,"523":0,"524":0,"525":0,"526":0,"527":0,"528":0,"529":0,"530":0,"531":0,"532":0,"533":8,"534":1,"535":1,"536":1,"537":1,"538":1,"539":1,"540":8,"541":9,"542":8,"543":8,"544":8,"545":0,"546":8,"547":9,"548":8,"549":8,"550":8,"551":8,"552":8,"553":3,"554":5,"555":2,"556":3,"557":8,"558":0,"559":0,"560":0,"561":8,"562":8,"563":17,"564":8,"565":64,"566":8,"567":8,"568":8,"569":0,"570":0,"571":0,"572":0,"573":8,"574":0,"575":0,"576":8,"577":8,"578":8,"579":8,"580":1},"b":{"1":[0,0],"2":[0,0],"3":[0,0],"4":[0,0],"5":[0,0],"6":[0,0],"7":[0,0],"8":[0,0],"9":[0,0],"10":[0,0],"11":[0,0],"12":[0,0],"13":[0,0],"14":[0,0],"15":[0,0],"16":[0,0],"17":[0,0],"18":[0,0],"19":[0,0],"20":[0,0],"21":[0,0],"22":[0,0],"23":[0,0],"24":[0,0],"25":[0,0],"26":[0,0],"27":[0,0],"28":[0,0],"29":[0,0],"30":[0,0],"31":[0,0],"32":[0,0],"33":[0,0],"34":[0,0],"35":[0,0],"36":[0,0],"37":[0,0],"38":[0,0],"39":[0,0],"40":[0,0],"41":[0,0],"42":[0,0],"43":[0,0],"44":[0,0],"45":[0,0],"46":[0,0],"47":[0,0],"48":[0,0],"49":[0,0],"50":[0,0],"51":[0,0],"52":[0,0],"53":[0,0],"54":[0,0],"55":[0,0],"56":[0,0],"57":[0,0],"58":[0,0],"59":[0,0],"60":[0,0,0],"61":[0,0],"62":[0,0],"63":[0,0],"64":[0,0],"65":[0,0],"66":[0,0,0],"67":[0,0],"68":[0,0],"69":[0,0],"70":[0,0],"71":[0,0],"72":[0,0],"73":[0,0],"74":[0,0,0],"75":[0,0],"76":[0,0],"77":[0,0,0],"78":[0,0],"79":[0,0],"80":[0,0],"81":[0,0],"82":[0,0],"83":[0,0],"84":[0,0],"85":[0,0],"86":[0,0,0],"87":[0,0],"88":[0,0],"89":[0,0],"90":[0,0],"91":[0,0],"92":[0,0],"93":[0,0],"94":[0,0],"95":[0,0],"96":[0,0],"97":[0,0],"98":[0,0],"99":[0,0],"100":[0,0],"101":[0,0],"102":[0,0],"103":[0,0],"104":[0,25],"105":[0,25],"106":[25,0],"107":[0,0],"108":[0,0],"109":[84,0],"110":[53,31],"111":[4,28],"112":[0,4],"113":[0,6],"114":[0,0],"115":[0,4],"116":[0,4],"117":[3,0],"118":[0,0],"119":[0,0],"120":[0,0],"121":[0,0],"122":[0,0],"123":[1,0],"124":[8,1],"125":[8,0],"126":[8,0],"127":[3,5],"128":[2,3],"129":[0,8],"130":[0,0],"131":[0,8],"132":[0,0],"133":[0,0,0,0,0,0,0,0,0],"134":[0,8]},"f":{"1":8,"2":0,"3":0,"4":0,"5":0,"6":0,"7":0,"8":0,"9":0,"10":0,"11":0,"12":0,"13":0,"14":0,"15":0,"16":0,"17":0,"18":0,"19":0,"20":0,"21":0,"22":0,"23":0,"24":0,"25":0,"26":0,"27":0,"28":0,"29":0,"30":0,"31":0,"32":0,"33":0,"34":0,"35":0,"36":0,"37":0,"38":0,"39":0,"40":0,"41":0,"42":0,"43":0,"44":0,"45":0,"46":0,"47":0,"48":0,"49":0,"50":0,"51":0,"52":0,"53":0,"54":0,"55":0,"56":0,"57":0,"58":0,"59":0,"60":0,"61":0,"62":0,"63":8,"64":25,"65":39,"66":0,"67":0,"68":84,"69":32,"70":0,"71":0,"72":0,"73":6,"74":6,"75":0,"76":0,"77":4,"78":3,"79":24,"80":0,"81":0,"82":0,"83":0,"84":0,"85":24,"86":0,"87":0,"88":0,"89":0,"90":0,"91":0,"92":1,"93":9,"94":17,"95":64},"fnMap":{"1":{"name":"Botkit","line":16,"loc":{"start":{"line":16,"column":0},"end":{"line":16,"column":31}}},"2":{"name":"Conversation","line":49,"loc":{"start":{"line":49,"column":4},"end":{"line":49,"column":41}}},"3":{"name":"(anonymous_3)","line":77,"loc":{"start":{"line":77,"column":31},"end":{"line":77,"column":52}}},"4":{"name":"(anonymous_4)","line":81,"loc":{"start":{"line":81,"column":23},"end":{"line":81,"column":46}}},"5":{"name":"(anonymous_5)","line":85,"loc":{"start":{"line":85,"column":73},"end":{"line":85,"column":109}}},"6":{"name":"(anonymous_6)","line":120,"loc":{"start":{"line":120,"column":22},"end":{"line":120,"column":40}}},"7":{"name":"(anonymous_7)","line":128,"loc":{"start":{"line":128,"column":38},"end":{"line":128,"column":56}}},"8":{"name":"(anonymous_8)","line":140,"loc":{"start":{"line":140,"column":84},"end":{"line":140,"column":112}}},"9":{"name":"(anonymous_9)","line":151,"loc":{"start":{"line":151,"column":84},"end":{"line":151,"column":112}}},"10":{"name":"(anonymous_10)","line":165,"loc":{"start":{"line":165,"column":22},"end":{"line":165,"column":45}}},"11":{"name":"(anonymous_11)","line":172,"loc":{"start":{"line":172,"column":24},"end":{"line":172,"column":35}}},"12":{"name":"(anonymous_12)","line":182,"loc":{"start":{"line":182,"column":24},"end":{"line":182,"column":35}}},"13":{"name":"(anonymous_13)","line":186,"loc":{"start":{"line":186,"column":26},"end":{"line":186,"column":37}}},"14":{"name":"(anonymous_14)","line":190,"loc":{"start":{"line":190,"column":19},"end":{"line":190,"column":37}}},"15":{"name":"(anonymous_15)","line":194,"loc":{"start":{"line":194,"column":24},"end":{"line":194,"column":42}}},"16":{"name":"(anonymous_16)","line":207,"loc":{"start":{"line":207,"column":18},"end":{"line":207,"column":38}}},"17":{"name":"(anonymous_17)","line":219,"loc":{"start":{"line":219,"column":23},"end":{"line":219,"column":45}}},"18":{"name":"(anonymous_18)","line":232,"loc":{"start":{"line":232,"column":20},"end":{"line":232,"column":31}}},"19":{"name":"(anonymous_19)","line":236,"loc":{"start":{"line":236,"column":22},"end":{"line":236,"column":33}}},"20":{"name":"(anonymous_20)","line":244,"loc":{"start":{"line":244,"column":28},"end":{"line":244,"column":39}}},"21":{"name":"(anonymous_21)","line":248,"loc":{"start":{"line":248,"column":27},"end":{"line":248,"column":74}}},"22":{"name":"(anonymous_22)","line":267,"loc":{"start":{"line":267,"column":19},"end":{"line":267,"column":58}}},"23":{"name":"(anonymous_23)","line":271,"loc":{"start":{"line":271,"column":26},"end":{"line":271,"column":52}}},"24":{"name":"(anonymous_24)","line":296,"loc":{"start":{"line":296,"column":26},"end":{"line":296,"column":44}}},"25":{"name":"(anonymous_25)","line":301,"loc":{"start":{"line":301,"column":27},"end":{"line":301,"column":43}}},"26":{"name":"(anonymous_26)","line":305,"loc":{"start":{"line":305,"column":25},"end":{"line":305,"column":42}}},"27":{"name":"(anonymous_27)","line":310,"loc":{"start":{"line":310,"column":28},"end":{"line":310,"column":54}}},"28":{"name":"(anonymous_28)","line":339,"loc":{"start":{"line":339,"column":26},"end":{"line":339,"column":43}}},"29":{"name":"(anonymous_29)","line":357,"loc":{"start":{"line":357,"column":31},"end":{"line":357,"column":50}}},"30":{"name":"(anonymous_30)","line":397,"loc":{"start":{"line":397,"column":28},"end":{"line":397,"column":39}}},"31":{"name":"(anonymous_31)","line":412,"loc":{"start":{"line":412,"column":35},"end":{"line":412,"column":46}}},"32":{"name":"(anonymous_32)","line":428,"loc":{"start":{"line":428,"column":32},"end":{"line":428,"column":43}}},"33":{"name":"(anonymous_33)","line":437,"loc":{"start":{"line":437,"column":31},"end":{"line":437,"column":45}}},"34":{"name":"(anonymous_34)","line":441,"loc":{"start":{"line":441,"column":39},"end":{"line":441,"column":61}}},"35":{"name":"(anonymous_35)","line":467,"loc":{"start":{"line":467,"column":29},"end":{"line":467,"column":44}}},"36":{"name":"(anonymous_36)","line":488,"loc":{"start":{"line":488,"column":20},"end":{"line":488,"column":37}}},"37":{"name":"(anonymous_37)","line":501,"loc":{"start":{"line":501,"column":26},"end":{"line":501,"column":37}}},"38":{"name":"(anonymous_38)","line":516,"loc":{"start":{"line":516,"column":28},"end":{"line":516,"column":46}}},"39":{"name":"(anonymous_39)","line":556,"loc":{"start":{"line":556,"column":20},"end":{"line":556,"column":31}}},"40":{"name":"(anonymous_40)","line":632,"loc":{"start":{"line":632,"column":83},"end":{"line":632,"column":111}}},"41":{"name":"Task","line":694,"loc":{"start":{"line":694,"column":4},"end":{"line":694,"column":40}}},"42":{"name":"(anonymous_42)","line":705,"loc":{"start":{"line":705,"column":24},"end":{"line":705,"column":35}}},"43":{"name":"(anonymous_43)","line":709,"loc":{"start":{"line":709,"column":34},"end":{"line":709,"column":52}}},"44":{"name":"(anonymous_44)","line":716,"loc":{"start":{"line":716,"column":33},"end":{"line":716,"column":51}}},"45":{"name":"(anonymous_45)","line":725,"loc":{"start":{"line":725,"column":33},"end":{"line":725,"column":49}}},"46":{"name":"(anonymous_46)","line":743,"loc":{"start":{"line":743,"column":30},"end":{"line":743,"column":47}}},"47":{"name":"(anonymous_47)","line":753,"loc":{"start":{"line":753,"column":25},"end":{"line":753,"column":36}}},"48":{"name":"(anonymous_48)","line":762,"loc":{"start":{"line":762,"column":18},"end":{"line":762,"column":38}}},"49":{"name":"(anonymous_49)","line":774,"loc":{"start":{"line":774,"column":23},"end":{"line":774,"column":45}}},"50":{"name":"(anonymous_50)","line":786,"loc":{"start":{"line":786,"column":34},"end":{"line":786,"column":45}}},"51":{"name":"(anonymous_51)","line":804,"loc":{"start":{"line":804,"column":37},"end":{"line":804,"column":48}}},"52":{"name":"(anonymous_52)","line":823,"loc":{"start":{"line":823,"column":20},"end":{"line":823,"column":31}}},"53":{"name":"(anonymous_53)","line":835,"loc":{"start":{"line":835,"column":17},"end":{"line":835,"column":39}}},"54":{"name":"(anonymous_54)","line":838,"loc":{"start":{"line":838,"column":18},"end":{"line":838,"column":37}}},"55":{"name":"(anonymous_55)","line":847,"loc":{"start":{"line":847,"column":17},"end":{"line":847,"column":30}}},"56":{"name":"(anonymous_56)","line":852,"loc":{"start":{"line":852,"column":17},"end":{"line":852,"column":39}}},"57":{"name":"(anonymous_57)","line":855,"loc":{"start":{"line":855,"column":18},"end":{"line":855,"column":37}}},"58":{"name":"(anonymous_58)","line":864,"loc":{"start":{"line":864,"column":17},"end":{"line":864,"column":30}}},"59":{"name":"(anonymous_59)","line":869,"loc":{"start":{"line":869,"column":17},"end":{"line":869,"column":42}}},"60":{"name":"(anonymous_60)","line":872,"loc":{"start":{"line":872,"column":18},"end":{"line":872,"column":40}}},"61":{"name":"(anonymous_61)","line":881,"loc":{"start":{"line":881,"column":17},"end":{"line":881,"column":30}}},"62":{"name":"(anonymous_62)","line":895,"loc":{"start":{"line":895,"column":26},"end":{"line":895,"column":51}}},"63":{"name":"(anonymous_63)","line":931,"loc":{"start":{"line":931,"column":24},"end":{"line":931,"column":43}}},"64":{"name":"(anonymous_64)","line":936,"loc":{"start":{"line":936,"column":19},"end":{"line":936,"column":68}}},"65":{"name":"(anonymous_65)","line":955,"loc":{"start":{"line":955,"column":13},"end":{"line":955,"column":47}}},"66":{"name":"(anonymous_66)","line":956,"loc":{"start":{"line":956,"column":37},"end":{"line":956,"column":60}}},"67":{"name":"(anonymous_67)","line":959,"loc":{"start":{"line":959,"column":66},"end":{"line":959,"column":94}}},"68":{"name":"(anonymous_68)","line":972,"loc":{"start":{"line":972,"column":16},"end":{"line":972,"column":36}}},"69":{"name":"(anonymous_69)","line":985,"loc":{"start":{"line":985,"column":21},"end":{"line":985,"column":43}}},"70":{"name":"(anonymous_70)","line":996,"loc":{"start":{"line":996,"column":31},"end":{"line":996,"column":58}}},"71":{"name":"(anonymous_71)","line":997,"loc":{"start":{"line":997,"column":39},"end":{"line":997,"column":61}}},"72":{"name":"(anonymous_72)","line":1002,"loc":{"start":{"line":1002,"column":32},"end":{"line":1002,"column":59}}},"73":{"name":"(anonymous_73)","line":1017,"loc":{"start":{"line":1017,"column":23},"end":{"line":1017,"column":38}}},"74":{"name":"(anonymous_74)","line":1024,"loc":{"start":{"line":1024,"column":19},"end":{"line":1024,"column":40}}},"75":{"name":"(anonymous_75)","line":1029,"loc":{"start":{"line":1029,"column":21},"end":{"line":1029,"column":43}}},"76":{"name":"(anonymous_76)","line":1030,"loc":{"start":{"line":1030,"column":56},"end":{"line":1030,"column":87}}},"77":{"name":"(anonymous_77)","line":1038,"loc":{"start":{"line":1038,"column":44},"end":{"line":1038,"column":66}}},"78":{"name":"(anonymous_78)","line":1051,"loc":{"start":{"line":1051,"column":26},"end":{"line":1051,"column":37}}},"79":{"name":"(anonymous_79)","line":1054,"loc":{"start":{"line":1054,"column":46},"end":{"line":1054,"column":57}}},"80":{"name":"(anonymous_80)","line":1060,"loc":{"start":{"line":1060,"column":22},"end":{"line":1060,"column":33}}},"81":{"name":"(anonymous_81)","line":1066,"loc":{"start":{"line":1066,"column":23},"end":{"line":1066,"column":50}}},"82":{"name":"(anonymous_82)","line":1086,"loc":{"start":{"line":1086,"column":28},"end":{"line":1086,"column":51}}},"83":{"name":"(anonymous_83)","line":1087,"loc":{"start":{"line":1087,"column":52},"end":{"line":1087,"column":80}}},"84":{"name":"(anonymous_84)","line":1092,"loc":{"start":{"line":1092,"column":46},"end":{"line":1092,"column":62}}},"85":{"name":"(anonymous_85)","line":1103,"loc":{"start":{"line":1103,"column":18},"end":{"line":1103,"column":29}}},"86":{"name":"(anonymous_86)","line":1123,"loc":{"start":{"line":1123,"column":20},"end":{"line":1123,"column":45}}},"87":{"name":"(anonymous_87)","line":1127,"loc":{"start":{"line":1127,"column":19},"end":{"line":1127,"column":41}}},"88":{"name":"(anonymous_88)","line":1131,"loc":{"start":{"line":1131,"column":33},"end":{"line":1131,"column":65}}},"89":{"name":"(anonymous_89)","line":1133,"loc":{"start":{"line":1133,"column":46},"end":{"line":1133,"column":62}}},"90":{"name":"(anonymous_90)","line":1139,"loc":{"start":{"line":1139,"column":21},"end":{"line":1139,"column":41}}},"91":{"name":"(anonymous_91)","line":1144,"loc":{"start":{"line":1144,"column":32},"end":{"line":1144,"column":54}}},"92":{"name":"(anonymous_92)","line":1150,"loc":{"start":{"line":1150,"column":23},"end":{"line":1150,"column":34}}},"93":{"name":"(anonymous_93)","line":1170,"loc":{"start":{"line":1170,"column":21},"end":{"line":1170,"column":32}}},"94":{"name":"(anonymous_94)","line":1218,"loc":{"start":{"line":1218,"column":17},"end":{"line":1218,"column":28}}},"95":{"name":"(anonymous_95)","line":1221,"loc":{"start":{"line":1221,"column":35},"end":{"line":1221,"column":51}}}},"statementMap":{"1":{"start":{"line":6,"column":0},"end":{"line":6,"column":35}},"2":{"start":{"line":7,"column":0},"end":{"line":7,"column":71}},"3":{"start":{"line":8,"column":0},"end":{"line":8,"column":62}},"4":{"start":{"line":9,"column":0},"end":{"line":9,"column":40}},"5":{"start":{"line":10,"column":0},"end":{"line":10,"column":27}},"6":{"start":{"line":11,"column":0},"end":{"line":11,"column":29}},"7":{"start":{"line":12,"column":0},"end":{"line":12,"column":23}},"8":{"start":{"line":13,"column":0},"end":{"line":13,"column":36}},"9":{"start":{"line":14,"column":0},"end":{"line":14,"column":23}},"10":{"start":{"line":16,"column":0},"end":{"line":1261,"column":1}},"11":{"start":{"line":17,"column":4},"end":{"line":30,"column":6}},"12":{"start":{"line":32,"column":4},"end":{"line":36,"column":6}},"13":{"start":{"line":40,"column":4},"end":{"line":46,"column":6}},"14":{"start":{"line":49,"column":4},"end":{"line":692,"column":5}},"15":{"start":{"line":51,"column":8},"end":{"line":51,"column":27}},"16":{"start":{"line":52,"column":8},"end":{"line":52,"column":23}},"17":{"start":{"line":53,"column":8},"end":{"line":53,"column":29}},"18":{"start":{"line":55,"column":8},"end":{"line":59,"column":10}},"19":{"start":{"line":61,"column":8},"end":{"line":61,"column":25}},"20":{"start":{"line":63,"column":8},"end":{"line":63,"column":23}},"21":{"start":{"line":65,"column":8},"end":{"line":65,"column":26}},"22":{"start":{"line":66,"column":8},"end":{"line":66,"column":27}},"23":{"start":{"line":68,"column":8},"end":{"line":68,"column":28}},"24":{"start":{"line":69,"column":8},"end":{"line":69,"column":25}},"25":{"start":{"line":70,"column":8},"end":{"line":70,"column":38}},"26":{"start":{"line":71,"column":8},"end":{"line":71,"column":28}},"27":{"start":{"line":72,"column":8},"end":{"line":72,"column":28}},"28":{"start":{"line":73,"column":8},"end":{"line":73,"column":34}},"29":{"start":{"line":74,"column":8},"end":{"line":74,"column":36}},"30":{"start":{"line":75,"column":8},"end":{"line":75,"column":37}},"31":{"start":{"line":77,"column":8},"end":{"line":79,"column":10}},"32":{"start":{"line":78,"column":12},"end":{"line":78,"column":40}},"33":{"start":{"line":81,"column":8},"end":{"line":118,"column":10}},"34":{"start":{"line":83,"column":12},"end":{"line":83,"column":28}},"35":{"start":{"line":84,"column":12},"end":{"line":84,"column":67}},"36":{"start":{"line":85,"column":12},"end":{"line":116,"column":15}},"37":{"start":{"line":86,"column":16},"end":{"line":90,"column":17}},"38":{"start":{"line":87,"column":20},"end":{"line":87,"column":57}},"39":{"start":{"line":89,"column":20},"end":{"line":89,"column":39}},"40":{"start":{"line":92,"column":16},"end":{"line":94,"column":17}},"41":{"start":{"line":93,"column":20},"end":{"line":93,"column":59}},"42":{"start":{"line":98,"column":16},"end":{"line":104,"column":17}},"43":{"start":{"line":99,"column":20},"end":{"line":99,"column":77}},"44":{"start":{"line":100,"column":23},"end":{"line":104,"column":17}},"45":{"start":{"line":101,"column":20},"end":{"line":101,"column":80}},"46":{"start":{"line":103,"column":20},"end":{"line":103,"column":43}},"47":{"start":{"line":106,"column":16},"end":{"line":113,"column":17}},"48":{"start":{"line":107,"column":20},"end":{"line":109,"column":21}},"49":{"start":{"line":108,"column":24},"end":{"line":108,"column":57}},"50":{"start":{"line":110,"column":20},"end":{"line":110,"column":63}},"51":{"start":{"line":112,"column":20},"end":{"line":112,"column":59}},"52":{"start":{"line":115,"column":16},"end":{"line":115,"column":37}},"53":{"start":{"line":115,"column":24},"end":{"line":115,"column":37}},"54":{"start":{"line":120,"column":8},"end":{"line":163,"column":10}},"55":{"start":{"line":122,"column":12},"end":{"line":122,"column":24}},"56":{"start":{"line":123,"column":12},"end":{"line":123,"column":41}},"57":{"start":{"line":124,"column":12},"end":{"line":124,"column":42}},"58":{"start":{"line":125,"column":12},"end":{"line":125,"column":63}},"59":{"start":{"line":127,"column":12},"end":{"line":162,"column":13}},"60":{"start":{"line":128,"column":16},"end":{"line":159,"column":19}},"61":{"start":{"line":132,"column":20},"end":{"line":158,"column":21}},"62":{"start":{"line":133,"column":24},"end":{"line":133,"column":52}},"63":{"start":{"line":137,"column":24},"end":{"line":137,"column":59}},"64":{"start":{"line":138,"column":24},"end":{"line":145,"column":25}},"65":{"start":{"line":139,"column":28},"end":{"line":144,"column":29}},"66":{"start":{"line":140,"column":32},"end":{"line":142,"column":35}},"67":{"start":{"line":141,"column":36},"end":{"line":141,"column":72}},"68":{"start":{"line":143,"column":32},"end":{"line":143,"column":39}},"69":{"start":{"line":149,"column":24},"end":{"line":156,"column":25}},"70":{"start":{"line":150,"column":28},"end":{"line":155,"column":29}},"71":{"start":{"line":151,"column":32},"end":{"line":153,"column":35}},"72":{"start":{"line":152,"column":36},"end":{"line":152,"column":72}},"73":{"start":{"line":154,"column":32},"end":{"line":154,"column":39}},"74":{"start":{"line":165,"column":8},"end":{"line":170,"column":10}},"75":{"start":{"line":166,"column":12},"end":{"line":168,"column":13}},"76":{"start":{"line":167,"column":16},"end":{"line":167,"column":31}},"77":{"start":{"line":169,"column":12},"end":{"line":169,"column":37}},"78":{"start":{"line":172,"column":8},"end":{"line":176,"column":10}},"79":{"start":{"line":173,"column":12},"end":{"line":173,"column":61}},"80":{"start":{"line":174,"column":12},"end":{"line":174,"column":83}},"81":{"start":{"line":175,"column":12},"end":{"line":175,"column":35}},"82":{"start":{"line":182,"column":8},"end":{"line":184,"column":10}},"83":{"start":{"line":183,"column":12},"end":{"line":183,"column":72}},"84":{"start":{"line":186,"column":8},"end":{"line":188,"column":10}},"85":{"start":{"line":187,"column":12},"end":{"line":187,"column":37}},"86":{"start":{"line":190,"column":8},"end":{"line":192,"column":10}},"87":{"start":{"line":191,"column":12},"end":{"line":191,"column":37}},"88":{"start":{"line":194,"column":8},"end":{"line":204,"column":10}},"89":{"start":{"line":195,"column":12},"end":{"line":202,"column":13}},"90":{"start":{"line":196,"column":16},"end":{"line":199,"column":18}},"91":{"start":{"line":201,"column":16},"end":{"line":201,"column":62}},"92":{"start":{"line":203,"column":12},"end":{"line":203,"column":43}},"93":{"start":{"line":207,"column":8},"end":{"line":217,"column":10}},"94":{"start":{"line":208,"column":12},"end":{"line":208,"column":60}},"95":{"start":{"line":209,"column":12},"end":{"line":209,"column":44}},"96":{"start":{"line":210,"column":12},"end":{"line":215,"column":13}},"97":{"start":{"line":211,"column":16},"end":{"line":213,"column":17}},"98":{"start":{"line":212,"column":20},"end":{"line":212,"column":48}},"99":{"start":{"line":214,"column":16},"end":{"line":214,"column":48}},"100":{"start":{"line":216,"column":12},"end":{"line":216,"column":24}},"101":{"start":{"line":219,"column":8},"end":{"line":229,"column":10}},"102":{"start":{"line":220,"column":12},"end":{"line":228,"column":13}},"103":{"start":{"line":221,"column":16},"end":{"line":226,"column":17}},"104":{"start":{"line":222,"column":20},"end":{"line":222,"column":70}},"105":{"start":{"line":223,"column":20},"end":{"line":225,"column":21}},"106":{"start":{"line":224,"column":24},"end":{"line":224,"column":31}},"107":{"start":{"line":232,"column":8},"end":{"line":234,"column":10}},"108":{"start":{"line":233,"column":12},"end":{"line":233,"column":32}},"109":{"start":{"line":236,"column":8},"end":{"line":242,"column":10}},"110":{"start":{"line":237,"column":12},"end":{"line":241,"column":13}},"111":{"start":{"line":238,"column":16},"end":{"line":238,"column":68}},"112":{"start":{"line":244,"column":8},"end":{"line":246,"column":10}},"113":{"start":{"line":245,"column":12},"end":{"line":245,"column":19}},"114":{"start":{"line":248,"column":8},"end":{"line":264,"column":10}},"115":{"start":{"line":249,"column":12},"end":{"line":256,"column":13}},"116":{"start":{"line":250,"column":16},"end":{"line":253,"column":18}},"117":{"start":{"line":255,"column":16},"end":{"line":255,"column":62}},"118":{"start":{"line":258,"column":12},"end":{"line":260,"column":13}},"119":{"start":{"line":259,"column":16},"end":{"line":259,"column":58}},"120":{"start":{"line":262,"column":12},"end":{"line":262,"column":33}},"121":{"start":{"line":263,"column":12},"end":{"line":263,"column":45}},"122":{"start":{"line":267,"column":8},"end":{"line":269,"column":10}},"123":{"start":{"line":268,"column":12},"end":{"line":268,"column":85}},"124":{"start":{"line":271,"column":8},"end":{"line":293,"column":10}},"125":{"start":{"line":272,"column":12},"end":{"line":274,"column":13}},"126":{"start":{"line":273,"column":16},"end":{"line":273,"column":37}},"127":{"start":{"line":275,"column":12},"end":{"line":282,"column":13}},"128":{"start":{"line":276,"column":16},"end":{"line":279,"column":18}},"129":{"start":{"line":281,"column":16},"end":{"line":281,"column":62}},"130":{"start":{"line":284,"column":12},"end":{"line":286,"column":13}},"131":{"start":{"line":285,"column":16},"end":{"line":285,"column":42}},"132":{"start":{"line":287,"column":12},"end":{"line":287,"column":47}},"133":{"start":{"line":290,"column":12},"end":{"line":292,"column":13}},"134":{"start":{"line":291,"column":16},"end":{"line":291,"column":44}},"135":{"start":{"line":296,"column":8},"end":{"line":298,"column":10}},"136":{"start":{"line":297,"column":12},"end":{"line":297,"column":42}},"137":{"start":{"line":301,"column":8},"end":{"line":303,"column":10}},"138":{"start":{"line":302,"column":12},"end":{"line":302,"column":35}},"139":{"start":{"line":305,"column":8},"end":{"line":307,"column":10}},"140":{"start":{"line":306,"column":12},"end":{"line":306,"column":55}},"141":{"start":{"line":310,"column":8},"end":{"line":337,"column":10}},"142":{"start":{"line":317,"column":12},"end":{"line":317,"column":24}},"143":{"start":{"line":318,"column":12},"end":{"line":320,"column":13}},"144":{"start":{"line":319,"column":16},"end":{"line":319,"column":22}},"145":{"start":{"line":322,"column":12},"end":{"line":322,"column":49}},"146":{"start":{"line":324,"column":12},"end":{"line":331,"column":13}},"147":{"start":{"line":325,"column":16},"end":{"line":328,"column":18}},"148":{"start":{"line":330,"column":16},"end":{"line":330,"column":40}},"149":{"start":{"line":333,"column":12},"end":{"line":333,"column":49}},"150":{"start":{"line":335,"column":12},"end":{"line":335,"column":40}},"151":{"start":{"line":339,"column":8},"end":{"line":355,"column":10}},"152":{"start":{"line":340,"column":12},"end":{"line":
[...]
s_9)","line":85,"loc":{"start":{"line":85,"column":32},"end":{"line":85,"column":55}}},"10":{"name":"(anonymous_10)","line":88,"loc":{"start":{"line":88,"column":64},"end":{"line":88,"column":84}}},"11":{"name":"(anonymous_11)","line":95,"loc":{"start":{"line":95,"column":51},"end":{"line":95,"column":74}}},"12":{"name":"(anonymous_12)","line":96,"loc":{"start":{"line":96,"column":92},"end":{"line":96,"column":108}}},"13":{"name":"(anonymous_13)","line":100,"loc":{"start":{"line":100,"column":17},"end":{"line":100,"column":31}}}},"statementMap":{"1":{"start":{"line":30,"column":0},"end":{"line":30,"column":40}},"2":{"start":{"line":32,"column":0},"end":{"line":42,"column":3}},"3":{"start":{"line":44,"column":0},"end":{"line":44,"column":31}},"4":{"start":{"line":46,"column":0},"end":{"line":50,"column":3}},"5":{"start":{"line":47,"column":4},"end":{"line":49,"column":7}},"6":{"start":{"line":48,"column":8},"end":{"line":48,"column":53}},"7":{"start":{"line":52,"column":0},"end":{"line":56,"column":3}},"8":{"start":{"line":54,"column":2},"end":{"line":54,"column":23}},"9":{"start":{"line":55,"column":2},"end":{"line":55,"column":9}},"10":{"start":{"line":59,"column":0},"end":{"line":63,"column":3}},"11":{"start":{"line":61,"column":4},"end":{"line":61,"column":83}},"12":{"start":{"line":65,"column":0},"end":{"line":67,"column":3}},"13":{"start":{"line":66,"column":4},"end":{"line":66,"column":86}},"14":{"start":{"line":69,"column":0},"end":{"line":71,"column":3}},"15":{"start":{"line":70,"column":4},"end":{"line":70,"column":82}},"16":{"start":{"line":74,"column":0},"end":{"line":78,"column":3}},"17":{"start":{"line":76,"column":4},"end":{"line":76,"column":59}},"18":{"start":{"line":81,"column":0},"end":{"line":83,"column":3}},"19":{"start":{"line":82,"column":4},"end":{"line":82,"column":76}},"20":{"start":{"line":85,"column":0},"end":{"line":92,"column":3}},"21":{"start":{"line":86,"column":4},"end":{"line":86,"column":87}},"22":{"start":{"line":87,"column":4},"end":{"line":91,"column":5}},"23":{"start":{"line":88,"column":8},"end":{"line":90,"column":11}},"24":{"start":{"line":89,"column":12},"end":{"line":89,"column":85}},"25":{"start":{"line":94,"column":0},"end":{"line":104,"column":1}},"26":{"start":{"line":95,"column":4},"end":{"line":103,"column":7}},"27":{"start":{"line":96,"column":8},"end":{"line":102,"column":11}},"28":{"start":{"line":97,"column":12},"end":{"line":99,"column":13}},"29":{"start":{"line":101,"column":12},"end":{"line":101,"column":61}}},"branchMap":{"1":{"line":46,"type":"binary-expr","locations":[{"start":{"line":46,"column":26},"end":{"line":46,"column":42}},{"start":{"line":46,"column":46},"end":{"line":46,"column":50}}]},"2":{"line":87,"type":"if","locations":[{"start":{"line":87,"column":4},"end":{"line":87,"column":4}},{"start":{"line":87,"column":4},"end":{"line":87,"column":4}}]},"3":{"line":94,"type":"if","locations":[{"start":{"line":94,"column":0},"end":{"line":94,"column":0}},{"start":{"line":94,"column":0},"end":{"line":94,"column":0}}]},"4":{"line":97,"type":"if","locations":[{"start":{"line":97,"column":12},"end":{"line":97,"column":12}},{"start":{"line":97,"column":12},"end":{"line":97,"column":12}}]}},"code":["/*~~~~~~~~~~~~~~~~~~~~~~~~~~~~~~~~~~~~~~~~~~~~~~~~~~~~~~~~~~~~~~~~~~~~~~~~~~~~~","           ______     ______     ______   __  __     __     ______","          /\\  == \\   /\\  __ \\   /\\__  _\\ /\\ \\/ /    /\\ \\   /\\__  _\\","          \\ \\  __<   \\ \\ \\/\\ \\  \\/_/\\ \\/ \\ \\  _\"-.  \\ \\ \\  \\/_/\\ \\/","           \\ \\_____\\  \\ \\_____\\    \\ \\_\\  \\ \\_\\ \\_\\  \\ \\_\\    \\ \\_\\","            \\/_____/   \\/_____/     \\/_/   \\/_/\\/_/   \\/_/     \\/_/","","","This is a sample Cisco Spark bot built with Botkit.","","This bot demonstrates many of the core features of Botkit:","","* Connect to Cisco Spark's APIs","* Receive messages based on \"spoken\" patterns","* Reply to messages","* Use the conversation system to ask questions","* Use the built in storage system to store and retrieve information","  for a user.","","# EXTEND THE BOT:","","  Botkit has many features for building cool and useful bots!","","  Read all about it here:","","    -> http://botkit.ai","","~~~~~~~~~~~~~~~~~~~~~~~~~~~~~~~~~~~~~~~~~~~~~~~~~~~~~~~~~~~~~~~~~~~~~~~~~~~~~*/","","var Botkit = require('./lib/Botkit.js');","","var controller = Botkit.sparkbot({","    debug: false,","    log: false,","    public_address: process.env.public_address,","    ciscospark_access_token: process.env.access_token,","    studio_token: process.env.studio_token, // get one from studio.botkit.ai to enable content management, stats, message console and more","    secret: process.env.secret, // this is an RECOMMENDED but optional setting that enables validation of incoming webhooks","    webhook_name: 'Cisco Spark bot created with Botkit, override me before going to production',","//    limit_to_domain: ['mycompany.com'],","//    limit_to_org: 'my_cisco_org_id',","});","","var bot = controller.spawn({});","","controller.setupWebserver(process.env.PORT || 3000, function(err, webserver) {","    controller.createWebhookEndpoints(webserver, bot, function() {","        console.log(\"Cisco Spark: Webhooks set up!\");","    });","});","","controller.middleware.receive.use(function(bot, message, next) {","","  console.log(message);","  next();","});","","","controller.hears(['^markdown'], 'direct_message,direct_mention', function(bot, message) {","","    bot.reply(message, {text: '*this is cool*', markdown: '*this is super cool*'});","","});","","controller.on('user_space_join', function(bot, message) {","    bot.reply(message, 'Welcome, ' + message.original_message.data.personDisplayName);","});","","controller.on('user_space_leave', function(bot, message) {","    bot.reply(message, 'Bye, ' + message.original_message.data.personDisplayName);","});","","","controller.on('bot_space_join', function(bot, message) {","","    bot.reply(message, 'This trusty bot is here to help.');","","});","","","controller.on('direct_mention', function(bot, message) {","    bot.reply(message, 'You mentioned me and said, \"' + message.text + '\"');","});","","controller.on('direct_message', function(bot, message) {","    bot.reply(message, 'I got your private message. You said, \"' + message.text + '\"');","    if (message.original_message.files) {","        bot.retrieveFileInfo(message.original_message.files[0], function(err, file) {","            bot.reply(message,'I also got an attached file called ' + file.filename);","        });","    }","});","","if (process.env.studio_token) {","    controller.on('direct_message,direct_mention', function(bot, message) {","        controller.studio.runTrigger(bot, message.text, message.user, message.channel).then(function(convo) {","            if (!convo) {","                // console.log('NO STUDIO MATCH');","            }","        }).catch(function(err) {","            console.error('Error with Botkit Studio: ', err);","        });","    });","}",""],"l":{"30":2,"32":2,"44":0,"46":0,"47":0,"48":0,"52":0,"54":0,"55":0,"59":0,"61":0,"65":0,"66":0,"69":0,"70":0,"74":0,"76":0,"81":0,"82":0,"85":0,"86":0,"87":0,"88":0,"89":0,"94":0,"95":0,"96":0,"97":0,"101":0}},"/home/travis/build/npmtest/node-npmtest-botkit/node_modules/botkit/twilio_ipm_bot.js":{"path":"/home/travis/build/npmtest/node-npmtest-botkit/node_modules/botkit/twilio_ipm_bot.js","s":{"1":2,"2":2,"3":2,"4":2,"5":0,"6":0,"7":0,"8":0,"9":0,"10":0,"11":0,"12":0,"13":0,"14":0,"15":0,"16":0,"17":0,"18":0,"19":0,"20":0,"21":0,"22":0,"23":0,"24":0,"25":0,"26":0,"27":0,"28":0,"29":0,"30":0,"31":0,"32":0,"33":0,"34":0,"35":0,"36":0,"37":0,"38":0,"39":0,"40":0,"41":0,"42":0,"43":0,"44":0,"45":0,"46":0,"47":1,"48":0,"49":0,"50":0,"51":0,"52":0,"53":0,"54":0,"55":0,"56":0,"57":0,"58":0},"b":{"1":[0,0],"2":[0,0],"3":[0,0],"4":[0,0],"5":[0,0],"6":[0,0],"7":[0,0],"8":[0,0],"9":[0,0]},"f":{"1":0,"2":0,"3":0,"4":0,"5":0,"6":0,"7":0,"8":0,"9":0,"10":0,"11":0,"12":0,"13":0,"14":0,"15":0,"16":0,"17":0,"18":0,"19":0},"fnMap":{"1":{"name":"(anonymous_1)","line":16,"loc":{"start":{"line":16,"column":52},"end":{"line":16,"column":74}}},"2":{"name":"(anonymous_2)","line":18,"loc":{"start":{"line":18,"column":20},"end":{"line":18,"column":39}}},"3":{"name":"(anonymous_3)","line":26,"loc":{"start":{"line":26,"column":34},"end":{"line":26,"column":57}}},"4":{"name":"(anonymous_4)","line":30,"loc":{"start":{"line":30,"column":35},"end":{"line":30,"column":57}}},"5":{"name":"(anonymous_5)","line":34,"loc":{"start":{"line":34,"column":36},"end":{"line":34,"column":58}}},"6":{"name":"(anonymous_6)","line":39,"loc":{"start":{"line":39,"column":54},"end":{"line":39,"column":77}}},"7":{"name":"(anonymous_7)","line":41,"loc":{"start":{"line":41,"column":47},"end":{"line":41,"column":67}}},"8":{"name":"(anonymous_8)","line":50,"loc":{"start":{"line":50,"column":55},"end":{"line":50,"column":78}}},"9":{"name":"(anonymous_9)","line":53,"loc":{"start":{"line":53,"column":47},"end":{"line":53,"column":67}}},"10":{"name":"(anonymous_10)","line":60,"loc":{"start":{"line":60,"column":44},"end":{"line":60,"column":62}}},"11":{"name":"(anonymous_11)","line":66,"loc":{"start":{"line":66,"column":70},"end":{"line":66,"column":93}}},"12":{"name":"(anonymous_12)","line":68,"loc":{"start":{"line":68,"column":47},"end":{"line":68,"column":67}}},"13":{"name":"(anonymous_13)","line":78,"loc":{"start":{"line":78,"column":49},"end":{"line":78,"column":72}}},"14":{"name":"(anonymous_14)","line":80,"loc":{"start":{"line":80,"column":34},"end":{"line":80,"column":55}}},"15":{"name":"(anonymous_15)","line":84,"loc":{"start":{"line":84,"column":26},"end":{"line":84,"column":52}}},"16":{"name":"(anonymous_16)","line":87,"loc":{"start":{"line":87,"column":31},"end":{"line":87,"column":42}}},"17":{"name":"(anonymous_17)","line":95,"loc":{"start":{"line":95,"column":22},"end":{"line":95,"column":48}}},"18":{"name":"(anonymous_18)","line":105,"loc":{"start":{"line":105,"column":101},"end":{"line":105,"column":124}}},"19":{"name":"formatUptime","line":114,"loc":{"start":{"line":114,"column":0},"end":{"line":114,"column":30}}}},"statementMap":{"1":{"start":{"line":1,"column":0},"end":{"line":1,"column":40}},"2":{"start":{"line":2,"column":0},"end":{"line":2,"column":23}},"3":{"start":{"line":3,"column":0},"end":{"line":5,"column":3}},"4":{"start":{"line":7,"column":0},"end":{"line":14,"column":3}},"5":{"start":{"line":16,"column":0},"end":{"line":24,"column":3}},"6":{"start":{"line":18,"column":4},"end":{"line":20,"column":7}},"7":{"start":{"line":19,"column":8},"end":{"line":19,"column":23}},"8":{"start":{"line":22,"column":4},"end":{"line":22,"column":51}},"9":{"start":{"line":26,"column":0},"end":{"line":28,"column":3}},"10":{"start":{"line":27,"column":4},"end":{"line":27,"column":37}},"11":{"start":{"line":30,"column":0},"end":{"line":32,"column":3}},"12":{"start":{"line":31,"column":4},"end":{"line":31,"column":57}},"13":{"start":{"line":34,"column":0},"end":{"line":36,"column":3}},"14":{"start":{"line":35,"column":4},"end":{"line":35,"column":53}},"15":{"start":{"line":39,"column":0},"end":{"line":48,"column":3}},"16":{"start":{"line":41,"column":4},"end":{"line":47,"column":7}},"17":{"start":{"line":42,"column":8},"end":{"line":46,"column":9}},"18":{"start":{"line":43,"column":12},"end":{"line":43,"column":60}},"19":{"start":{"line":45,"column":12},"end":{"line":45,"column":41}},"20":{"start":{"line":50,"column":0},"end":{"line":64,"column":3}},"21":{"start":{"line":51,"column":4},"end":{"line":51,"column":54}},"22":{"start":{"line":52,"column":4},"end":{"line":52,"column":26}},"23":{"start":{"line":53,"column":4},"end":{"line":63,"column":7}},"24":{"start":{"line":54,"column":8},"end":{"line":58,"column":9}},"25":{"start":{"line":55,"column":12},"end":{"line":57,"column":14}},"26":{"start":{"line":59,"column":8},"end":{"line":59,"column":25}},"27":{"start":{"line":60,"column":8},"end":{"line":62,"column":11}},"28":{"start":{"line":61,"column":12},"end":{"line":61,"column":89}},"29":{"start":{"line":66,"column":0},"end":{"line":75,"column":3}},"30":{"start":{"line":68,"column":4},"end":{"line":74,"column":7}},"31":{"start":{"line":69,"column":8},"end":{"line":73,"column":9}},"32":{"start":{"line":70,"column":12},"end":{"line":70,"column":59}},"33":{"start":{"line":72,"column":12},"end":{"line":72,"column":52}},"34":{"start":{"line":78,"column":0},"end":{"line":102,"column":3}},"35":{"start":{"line":80,"column":4},"end":{"line":101,"column":7}},"36":{"start":{"line":81,"column":8},"end":{"line":100,"column":11}},"37":{"start":{"line":85,"column":20},"end":{"line":85,"column":38}},"38":{"start":{"line":86,"column":20},"end":{"line":86,"column":33}},"39":{"start":{"line":87,"column":20},"end":{"line":89,"column":28}},"40":{"start":{"line":88,"column":24},"end":{"line":88,"column":39}},"41":{"start":{"line":96,"column":16},"end":{"line":96,"column":37}},"42":{"start":{"line":97,"column":16},"end":{"line":97,"column":29}},"43":{"start":{"line":105,"column":0},"end":{"line":112,"column":3}},"44":{"start":{"line":107,"column":4},"end":{"line":107,"column":33}},"45":{"start":{"line":108,"column":4},"end":{"line":108,"column":48}},"46":{"start":{"line":110,"column":4},"end":{"line":110,"column":97}},"47":{"start":{"line":114,"column":0},"end":{"line":130,"column":1}},"48":{"start":{"line":115,"column":4},"end":{"line":115,"column":24}},"49":{"start":{"line":116,"column":4},"end":{"line":119,"column":5}},"50":{"start":{"line":117,"column":8},"end":{"line":117,"column":29}},"51":{"start":{"line":118,"column":8},"end":{"line":118,"column":24}},"52":{"start":{"line":120,"column":4},"end":{"line":123,"column":5}},"53":{"start":{"line":121,"column":8},"end":{"line":121,"column":29}},"54":{"start":{"line":122,"column":8},"end":{"line":122,"column":22}},"55":{"start":{"line":124,"column":4},"end":{"line":126,"column":5}},"56":{"start":{"line":125,"column":8},"end":{"line":125,"column":26}},"57":{"start":{"line":128,"column":4},"end":{"line":128,"column":33}},"58":{"start":{"line":129,"column":4},"end":{"line":129,"column":18}}},"branchMap":{"1":{"line":16,"type":"binary-expr","locations":[{"start":{"line":16,"column":26},"end":{"line":16,"column":42}},{"start":{"line":16,"column":46},"end":{"line":16,"column":50}}]},"2":{"line":42,"type":"if","locations":[{"start":{"line":42,"column":8},"end":{"line":42,"column":8}},{"start":{"line":42,"column":8},"end":{"line":42,"column":8}}]},"3":{"line":42,"type":"binary-expr","locations":[{"start":{"line":42,"column":12},"end":{"line":42,"column":16}},{"start":{"line":42,"column":20},"end":{"line":42,"column":29}}]},"4":{"line":54,"type":"if","locations":[{"start":{"line":54,"column":8},"end":{"line":54,"column":8}},{"start":{"line":54,"column":8},"end":{"line":54,"column":8}}]},"5":{"line":69,"type":"if","locations":[{"start":{"line":69,"column":8},"end":{"line":69,"column":8}},{"start":{"line":69,"column":8},"end":{"line":69,"column":8}}]},"6":{"line":69,"type":"binary-expr","locations":[{"start":{"line":69,"column":12},"end":{"line":69,"column":16}},{"start":{"line":69,"column":20},"end":{"line":69,"column":29}}]},"7":{"line":116,"type":"if","locations":[{"start":{"line":116,"column":4},"end":{"line":116,"column":4}},{"start":{"line":116,"column":4},"end":{"line":116,"column":4}}]},"8":{"line":120,"type":"if","locations":[{"start":{"line":120,"column":4},"end":{"line":120,"column":4}},{"start":{"line":120,"column":4},"end":{"line":120,"column":4}}]},"9":{"line":124,"type":"if","locations":[{"start":{"line":124,"column":4},"end":{"line":124,"column":4}},{"start":{"line":124,"column":4},"end":{"line":124,"column":4}}]}},"code":["var Botkit = require('./lib/Botkit.js');","var os = require('os');","var controller = Botkit.twilioipmbot({","    debug: false,","});","","var bot = controller.spawn({","    TWILIO_IPM_SERVICE_SID: process.env.TWILIO_IPM_SERVICE_SID,","    TWILIO_ACCOUNT_SID: process.env.TWILIO_ACCOUNT_SID,","    TWILIO_API_KEY: process.env.TWILIO_API_KEY,","    TWILIO_API_SECRET: process.env.TWILIO_API_SECRET,","    identity: 'Botkit',","    autojoin: true","});","","controller.setupWebserver(process.env.port || 3000, function(err, server) {","","    server.get('/', function(req, res) {","        res.send(':)');","    });","","    controller.createWebhookEndpoints(server, bot);","","});","","controller.on('bot_channel_join', function(bot, message) {","    bot.reply(message, 'Here I am!');","});","","controller.on('user_channel_join', function(bot,message) {","    bot.reply(message, 'Welcome, ' + message.user + '!');","});","","controller.on('user_channel_leave', function(bot,message) {","    bot.reply(message, 'Bye, ' + message.user + '!');","});","","","controller.hears(['hello', 'hi'], 'message_received', function(bot, message) {","","    controller.storage.users.get(message.user, function(err, user) {","        if (user && user.name) {","            bot.reply(message, 'Hello ' + user.name + '!!');","        } else {","            bot.reply(message, 'Hello.');","        }","    });","});","","controller.hears(['call me (.*)'], 'message_received', function(bot, message) {","    var matches = message.text.match(/call me (.*)/i);","    var name = matches[1];","    controller.storage.users.get(message.user, function(err, user) {","        if (!user) {","            user = {","                id: message.user,","            };","        }","        user.name = name;","        controller.storage.users.save(user, function(err, id) {","            bot.reply(message, 'Got it. I will call you ' + user.name + ' from now on.');","        });","    });","});","","controller.hears(['what is my name', 'who am i'], 'message_received', function(bot, message) {","","    controller.storage.users.get(message.user, function(err, user) {","        if (user && user.name) {","            bot.reply(message,'Your name is ' + user.name);","        } else {","            bot.reply(message,'I don\\'t know yet!');","        }","    });","});","","","controller.hears(['shutdown'],'message_received',function(bot, message) {","","    bot.startConversation(message,function(err, convo) {","        convo.ask('Are you sure you want me to shutdown?',[","            {","                pattern: bot.utterances.yes,","                callback: function(response, convo) {","                    convo.say('Bye!');","                    convo.next();","                    setTimeout(function() {","                        process.exit();","                    },3000);","                }","            },","        {","            pattern: bot.utterances.no,","            default: true,","            callback: function(response, convo) {","                convo.say('*Phew!*');","                convo.next();","            }","        }","        ]);","    });","});","","","controller.hears(['uptime','identify yourself','who are you','what is your name'],'message_received',function(bot, message) {","","    var hostname = os.hostname();","    var uptime = formatUptime(process.uptime());","","    bot.reply(message,'I am a bot! I have been running for ' + uptime + ' on ' + hostname + '.');","","});","","function formatUptime(uptime) {","    var unit = 'second';","    if (uptime > 60) {","        uptime = uptime / 60;","        unit = 'minute';","    }","    if (uptime > 60) {","        uptime = uptime / 60;","        unit = 'hour';","    }","    if (uptime != 1) {","        unit = unit + 's';","    }","","    uptime = uptime + ' ' + unit;","    return uptime;","}",""],"l":{"1":2,"2":2,"3":2,"7":2,"16":0,"18":0,"19":0,"22":0,"26":0,"27":0,"30":0,"31":0,"34":0,"35":0,"39":0,"41":0,"42":0,"43":0,"45":0,"50":0,"51":0,"52":0,"53":0,"54":0,"55":0,"59":0,"60":0,"61":0,"66":0,"68":0,"69":0,"70":0,"72":0,"78":0,"80":0,"81":0,"85":0,"86":0,"87":0,"88":0,"96":0,"97":0,"105":0,"107":0,"108":0,"110":0,"114":1,"115":0,"116":0,"117":0,"118":0,"120":0,"121":0,"122":0,"124":0,"125":0,"128":0,"129":0}}}